#
# There is insufficient memory for the Java Runtime Environment to continue.
# Native memory allocation (mmap) failed to map 65536 bytes for Failed to commit metaspace.
# Possible reasons:
#   The system is out of physical RAM or swap space
#   The process is running with CompressedOops enabled, and the Java Heap may be blocking the growth of the native heap
# Possible solutions:
#   Reduce memory load on the system
#   Increase physical memory or swap space
#   Check if swap backing store is full
#   Decrease Java heap size (-Xmx/-Xms)
#   Decrease number of Java threads
#   Decrease Java thread stack sizes (-Xss)
#   Set larger code cache with -XX:ReservedCodeCacheSize=
#   JVM is running with Unscaled Compressed Oops mode in which the Java heap is
#     placed in the first 4GB address space. The Java Heap base address is the
#     maximum limit for the native heap growth. Please use -XX:HeapBaseMinAddress
#     to set the Java Heap base and to place the Java Heap above 4GB virtual address.
# This output file may be truncated or incomplete.
#
#  Out of Memory Error (virtualSpaceNode.cpp:110), pid=6160, tid=9764
#
# JRE version: OpenJDK Runtime Environment (17.0.6) (build 17.0.6+0-b2043.56-10027231)
# Java VM: OpenJDK 64-Bit Server VM (17.0.6+0-b2043.56-10027231, mixed mode, tiered, compressed oops, compressed class ptrs, g1 gc, windows-amd64)
# No core dump will be written. Minidumps are not enabled by default on client versions of Windows
#

---------------  S U M M A R Y ------------

Command Line: org.jetbrains.kotlin.cli.jvm.K2JVMCompiler @D:\Jetpack-Compose\BizCard App\app\build\20231118_12960033391502179079.compiler.options

Host: AMD Ryzen 7 4800H with Radeon Graphics         , 16 cores, 7G,  Windows 11 , 64 bit Build 22621 (10.0.22621.2506)
Time: Sat Nov 18 11:34:22 2023 SE Asia Standard Time elapsed time: 0.147716 seconds (0d 0h 0m 0s)

---------------  T H R E A D  ---------------

Current thread (0x000001ae3ffe89c0):  JavaThread "main" [_thread_in_vm, id=9764, stack(0x000000590a900000,0x000000590aa00000)]

Stack: [0x000000590a900000,0x000000590aa00000]
Native frames: (J=compiled Java code, j=interpreted, Vv=VM code, C=native code)
V  [jvm.dll+0x683c9a]
V  [jvm.dll+0x8427a4]
V  [jvm.dll+0x843f9e]
V  [jvm.dll+0x844603]
V  [jvm.dll+0x249b75]
V  [jvm.dll+0x83e7fb]
V  [jvm.dll+0x628006]
V  [jvm.dll+0x1c194e]
V  [jvm.dll+0x62a941]
V  [jvm.dll+0x6289a6]
V  [jvm.dll+0x246f6c]
V  [jvm.dll+0x6dabdd]
V  [jvm.dll+0x6db60f]
V  [jvm.dll+0x375330]
V  [jvm.dll+0x3744a2]
V  [jvm.dll+0x374448]
V  [jvm.dll+0x410c9e]
V  [jvm.dll+0x3f3083]
V  [jvm.dll+0x3f1b1a]
V  [jvm.dll+0x3dd15b]
V  [jvm.dll+0x6a1d8f]
C  0x000001ae4a90d601

Java frames: (J=compiled Java code, j=interpreted, Vv=VM code)
j  jdk.internal.perf.Perf.createLong(Ljava/lang/String;IIJ)Ljava/nio/ByteBuffer;+0 java.base@17.0.6
j  jdk.internal.perf.PerfCounter.<init>(Ljava/lang/String;I)V+16 java.base@17.0.6
j  jdk.internal.perf.PerfCounter.newPerfCounter(Ljava/lang/String;)Ljdk/internal/perf/PerfCounter;+6 java.base@17.0.6
j  jdk.internal.perf.PerfCounter$CoreCounters.<clinit>()V+2 java.base@17.0.6
v  ~StubRoutines::call_stub
j  jdk.internal.perf.PerfCounter.getZipFileOpenTime()Ljdk/internal/perf/PerfCounter;+0 java.base@17.0.6
j  java.util.zip.ZipFile.<init>(Ljava/io/File;ILjava/nio/charset/Charset;)V+129 java.base@17.0.6
j  java.util.zip.ZipFile.<init>(Ljava/io/File;I)V+6 java.base@17.0.6
j  java.util.jar.JarFile.<init>(Ljava/io/File;ZILjava/lang/Runtime$Version;)V+3 java.base@17.0.6
j  jdk.internal.loader.URLClassPath$JarLoader.getJarFile(Ljava/net/URL;)Ljava/util/jar/JarFile;+56 java.base@17.0.6
j  jdk.internal.loader.URLClassPath$JarLoader$1.run()Ljava/lang/Void;+55 java.base@17.0.6
j  jdk.internal.loader.URLClassPath$JarLoader$1.run()Ljava/lang/Object;+1 java.base@17.0.6
j  java.security.AccessController.executePrivileged(Ljava/security/PrivilegedExceptionAction;Ljava/security/AccessControlContext;Ljava/lang/Class;)Ljava/lang/Object;+29 java.base@17.0.6
j  java.security.AccessController.doPrivileged(Ljava/security/PrivilegedExceptionAction;Ljava/security/AccessControlContext;)Ljava/lang/Object;+13 java.base@17.0.6
j  jdk.internal.loader.URLClassPath$JarLoader.ensureOpen()V+19 java.base@17.0.6
j  jdk.internal.loader.URLClassPath$JarLoader.<init>(Ljava/net/URL;Ljava/net/URLStreamHandler;Ljava/util/HashMap;Ljava/security/AccessControlContext;)V+63 java.base@17.0.6
j  jdk.internal.loader.URLClassPath$3.run()Ljdk/internal/loader/URLClassPath$Loader;+168 java.base@17.0.6
j  jdk.internal.loader.URLClassPath$3.run()Ljava/lang/Object;+1 java.base@17.0.6
j  java.security.AccessController.executePrivileged(Ljava/security/PrivilegedExceptionAction;Ljava/security/AccessControlContext;Ljava/lang/Class;)Ljava/lang/Object;+29 java.base@17.0.6
j  java.security.AccessController.doPrivileged(Ljava/security/PrivilegedExceptionAction;Ljava/security/AccessControlContext;)Ljava/lang/Object;+13 java.base@17.0.6
j  jdk.internal.loader.URLClassPath.getLoader(Ljava/net/URL;)Ljdk/internal/loader/URLClassPath$Loader;+13 java.base@17.0.6
j  jdk.internal.loader.URLClassPath.getLoader(I)Ljdk/internal/loader/URLClassPath$Loader;+81 java.base@17.0.6
j  jdk.internal.loader.URLClassPath.getResource(Ljava/lang/String;Z)Ljdk/internal/loader/Resource;+42 java.base@17.0.6
j  jdk.internal.loader.BuiltinClassLoader.findClassOnClassPathOrNull(Ljava/lang/String;)Ljava/lang/Class;+26 java.base@17.0.6
j  jdk.internal.loader.BuiltinClassLoader.loadClassOrNull(Ljava/lang/String;Z)Ljava/lang/Class;+111 java.base@17.0.6
j  jdk.internal.loader.BuiltinClassLoader.loadClass(Ljava/lang/String;Z)Ljava/lang/Class;+3 java.base@17.0.6
j  jdk.internal.loader.ClassLoaders$AppClassLoader.loadClass(Ljava/lang/String;Z)Ljava/lang/Class;+36 java.base@17.0.6
j  java.lang.ClassLoader.loadClass(Ljava/lang/String;)Ljava/lang/Class;+3 java.base@17.0.6
v  ~StubRoutines::call_stub
j  java.lang.Class.forName0(Ljava/lang/String;ZLjava/lang/ClassLoader;Ljava/lang/Class;)Ljava/lang/Class;+0 java.base@17.0.6
j  java.lang.Class.forName(Ljava/lang/String;ZLjava/lang/ClassLoader;)Ljava/lang/Class;+43 java.base@17.0.6
j  sun.launcher.LauncherHelper.loadMainClass(ILjava/lang/String;)Ljava/lang/Class;+95 java.base@17.0.6
j  sun.launcher.LauncherHelper.checkAndLoadMain(ZILjava/lang/String;)Ljava/lang/Class;+42 java.base@17.0.6
v  ~StubRoutines::call_stub

---------------  P R O C E S S  ---------------

Threads class SMR info:
_java_thread_list=0x000001ae5b1cc9c0, length=13, elements={
0x000001ae3ffe89c0, 0x000001ae5b014270, 0x000001ae5b014df0, 0x000001ae5a461630,
0x000001ae5a4621b0, 0x000001ae5a465a90, 0x000001ae5a466350, 0x000001ae5a466ff0,
0x000001ae5a4699b0, 0x000001ae5b053400, 0x000001ae5b1bcd40, 0x000001ae5b1cfac0,
0x000001ae5b1db190
}

Java Threads: ( => current thread )
=>0x000001ae3ffe89c0 JavaThread "main" [_thread_in_vm, id=9764, stack(0x000000590a900000,0x000000590aa00000)]
  0x000001ae5b014270 JavaThread "Reference Handler" daemon [_thread_blocked, id=14492, stack(0x000000590b000000,0x000000590b100000)]
  0x000001ae5b014df0 JavaThread "Finalizer" daemon [_thread_blocked, id=24916, stack(0x000000590b100000,0x000000590b200000)]
  0x000001ae5a461630 JavaThread "Signal Dispatcher" daemon [_thread_blocked, id=16672, stack(0x000000590b200000,0x000000590b300000)]
  0x000001ae5a4621b0 JavaThread "Attach Listener" daemon [_thread_blocked, id=24468, stack(0x000000590b300000,0x000000590b400000)]
  0x000001ae5a465a90 JavaThread "Service Thread" daemon [_thread_blocked, id=26104, stack(0x000000590b400000,0x000000590b500000)]
  0x000001ae5a466350 JavaThread "Monitor Deflation Thread" daemon [_thread_blocked, id=25908, stack(0x000000590b500000,0x000000590b600000)]
  0x000001ae5a466ff0 JavaThread "C2 CompilerThread0" daemon [_thread_blocked, id=24508, stack(0x000000590b600000,0x000000590b700000)]
  0x000001ae5a4699b0 JavaThread "C1 CompilerThread0" daemon [_thread_blocked, id=17936, stack(0x000000590b700000,0x000000590b800000)]
  0x000001ae5b053400 JavaThread "Sweeper thread" daemon [_thread_blocked, id=14388, stack(0x000000590b800000,0x000000590b900000)]
  0x000001ae5b1bcd40 JavaThread "C1 CompilerThread1" daemon [_thread_blocked, id=24648, stack(0x000000590b900000,0x000000590ba00000)]
  0x000001ae5b1cfac0 JavaThread "Notification Thread" daemon [_thread_blocked, id=23256, stack(0x000000590ba00000,0x000000590bb00000)]
  0x000001ae5b1db190 JavaThread "Common-Cleaner" daemon [_thread_blocked, id=24936, stack(0x000000590bb00000,0x000000590bc00000)]

Other Threads:
  0x000001ae5a44f020 VMThread "VM Thread" [stack: 0x000000590af00000,0x000000590b000000] [id=15680]
  0x000001ae40042970 GCTaskThread "GC Thread#0" [stack: 0x000000590aa00000,0x000000590ab00000] [id=21996]
  0x000001ae40052540 ConcurrentGCThread "G1 Main Marker" [stack: 0x000000590ab00000,0x000000590ac00000] [id=24076]
  0x000001ae40052e60 ConcurrentGCThread "G1 Conc#0" [stack: 0x000000590ac00000,0x000000590ad00000] [id=25436]
  0x000001ae400aeb20 ConcurrentGCThread "G1 Refine#0" [stack: 0x000000590ad00000,0x000000590ae00000] [id=7384]
  0x000001ae5a2a4620 ConcurrentGCThread "G1 Service" [stack: 0x000000590ae00000,0x000000590af00000] [id=25168]

Threads with active compile tasks:

VM state: not at safepoint (normal execution)

VM Mutex/Monitor currently owned by a thread:  ([mutex/lock_event])
[0x000001ae3de42920] Metaspace_lock - owner thread: 0x000001ae3ffe89c0

Heap address: 0x0000000089400000, size: 1900 MB, Compressed Oops mode: 32-bit

CDS archive(s) not mapped
Compressed class space mapped at: 0x0000000100000000-0x0000000140000000, reserved size: 1073741824
Narrow klass base: 0x0000000000000000, Narrow klass shift: 3, Narrow klass range: 0x140000000

GC Precious Log:
 CPUs: 16 total, 16 available
 Memory: 7598M
 Large Page Support: Disabled
 NUMA Support: Disabled
 Compressed Oops: Enabled (32-bit)
 Heap Region Size: 1M
 Heap Min Capacity: 8M
 Heap Initial Capacity: 120M
 Heap Max Capacity: 1900M
 Pre-touch: Disabled
 Parallel Workers: 13
 Concurrent Workers: 3
 Concurrent Refinement Workers: 13
 Periodic GC: Disabled

Heap:
 garbage-first heap   total 122880K, used 5120K [0x0000000089400000, 0x0000000100000000)
  region size 1024K, 2 young (2048K), 0 survivors (0K)
 Metaspace       used 4473K, committed 4480K, reserved 1056768K
  class space    used 380K, committed 384K, reserved 1048576K

Heap Regions: E=young(eden), S=young(survivor), O=old, HS=humongous(starts), HC=humongous(continues), CS=collection set, F=free, OA=open archive, CA=closed archive, TAMS=top-at-mark-start (previous, next)
|   0|0x0000000089400000, 0x0000000089500000, 0x0000000089500000|100%|HS|  |TAMS 0x0000000089400000, 0x0000000089400000| Complete 
|   1|0x0000000089500000, 0x0000000089600000, 0x0000000089600000|100%|HC|  |TAMS 0x0000000089500000, 0x0000000089500000| Complete 
|   2|0x0000000089600000, 0x0000000089700000, 0x0000000089700000|100%|HC|  |TAMS 0x0000000089600000, 0x0000000089600000| Complete 
|   3|0x0000000089700000, 0x0000000089800000, 0x0000000089800000|100%|HC|  |TAMS 0x0000000089700000, 0x0000000089700000| Complete 
|   4|0x0000000089800000, 0x0000000089800000, 0x0000000089900000|  0%| F|  |TAMS 0x0000000089800000, 0x0000000089800000| Untracked 
|   5|0x0000000089900000, 0x0000000089900000, 0x0000000089a00000|  0%| F|  |TAMS 0x0000000089900000, 0x0000000089900000| Untracked 
|   6|0x0000000089a00000, 0x0000000089a00000, 0x0000000089b00000|  0%| F|  |TAMS 0x0000000089a00000, 0x0000000089a00000| Untracked 
|   7|0x0000000089b00000, 0x0000000089b00000, 0x0000000089c00000|  0%| F|  |TAMS 0x0000000089b00000, 0x0000000089b00000| Untracked 
|   8|0x0000000089c00000, 0x0000000089c00000, 0x0000000089d00000|  0%| F|  |TAMS 0x0000000089c00000, 0x0000000089c00000| Untracked 
|   9|0x0000000089d00000, 0x0000000089d00000, 0x0000000089e00000|  0%| F|  |TAMS 0x0000000089d00000, 0x0000000089d00000| Untracked 
|  10|0x0000000089e00000, 0x0000000089e00000, 0x0000000089f00000|  0%| F|  |TAMS 0x0000000089e00000, 0x0000000089e00000| Untracked 
|  11|0x0000000089f00000, 0x0000000089f00000, 0x000000008a000000|  0%| F|  |TAMS 0x0000000089f00000, 0x0000000089f00000| Untracked 
|  12|0x000000008a000000, 0x000000008a000000, 0x000000008a100000|  0%| F|  |TAMS 0x000000008a000000, 0x000000008a000000| Untracked 
|  13|0x000000008a100000, 0x000000008a100000, 0x000000008a200000|  0%| F|  |TAMS 0x000000008a100000, 0x000000008a100000| Untracked 
|  14|0x000000008a200000, 0x000000008a200000, 0x000000008a300000|  0%| F|  |TAMS 0x000000008a200000, 0x000000008a200000| Untracked 
|  15|0x000000008a300000, 0x000000008a300000, 0x000000008a400000|  0%| F|  |TAMS 0x000000008a300000, 0x000000008a300000| Untracked 
|  16|0x000000008a400000, 0x000000008a400000, 0x000000008a500000|  0%| F|  |TAMS 0x000000008a400000, 0x000000008a400000| Untracked 
|  17|0x000000008a500000, 0x000000008a500000, 0x000000008a600000|  0%| F|  |TAMS 0x000000008a500000, 0x000000008a500000| Untracked 
|  18|0x000000008a600000, 0x000000008a600000, 0x000000008a700000|  0%| F|  |TAMS 0x000000008a600000, 0x000000008a600000| Untracked 
|  19|0x000000008a700000, 0x000000008a700000, 0x000000008a800000|  0%| F|  |TAMS 0x000000008a700000, 0x000000008a700000| Untracked 
|  20|0x000000008a800000, 0x000000008a800000, 0x000000008a900000|  0%| F|  |TAMS 0x000000008a800000, 0x000000008a800000| Untracked 
|  21|0x000000008a900000, 0x000000008a900000, 0x000000008aa00000|  0%| F|  |TAMS 0x000000008a900000, 0x000000008a900000| Untracked 
|  22|0x000000008aa00000, 0x000000008aa00000, 0x000000008ab00000|  0%| F|  |TAMS 0x000000008aa00000, 0x000000008aa00000| Untracked 
|  23|0x000000008ab00000, 0x000000008ab00000, 0x000000008ac00000|  0%| F|  |TAMS 0x000000008ab00000, 0x000000008ab00000| Untracked 
|  24|0x000000008ac00000, 0x000000008ac00000, 0x000000008ad00000|  0%| F|  |TAMS 0x000000008ac00000, 0x000000008ac00000| Untracked 
|  25|0x000000008ad00000, 0x000000008ad00000, 0x000000008ae00000|  0%| F|  |TAMS 0x000000008ad00000, 0x000000008ad00000| Untracked 
|  26|0x000000008ae00000, 0x000000008ae00000, 0x000000008af00000|  0%| F|  |TAMS 0x000000008ae00000, 0x000000008ae00000| Untracked 
|  27|0x000000008af00000, 0x000000008af00000, 0x000000008b000000|  0%| F|  |TAMS 0x000000008af00000, 0x000000008af00000| Untracked 
|  28|0x000000008b000000, 0x000000008b000000, 0x000000008b100000|  0%| F|  |TAMS 0x000000008b000000, 0x000000008b000000| Untracked 
|  29|0x000000008b100000, 0x000000008b100000, 0x000000008b200000|  0%| F|  |TAMS 0x000000008b100000, 0x000000008b100000| Untracked 
|  30|0x000000008b200000, 0x000000008b200000, 0x000000008b300000|  0%| F|  |TAMS 0x000000008b200000, 0x000000008b200000| Untracked 
|  31|0x000000008b300000, 0x000000008b300000, 0x000000008b400000|  0%| F|  |TAMS 0x000000008b300000, 0x000000008b300000| Untracked 
|  32|0x000000008b400000, 0x000000008b400000, 0x000000008b500000|  0%| F|  |TAMS 0x000000008b400000, 0x000000008b400000| Untracked 
|  33|0x000000008b500000, 0x000000008b500000, 0x000000008b600000|  0%| F|  |TAMS 0x000000008b500000, 0x000000008b500000| Untracked 
|  34|0x000000008b600000, 0x000000008b600000, 0x000000008b700000|  0%| F|  |TAMS 0x000000008b600000, 0x000000008b600000| Untracked 
|  35|0x000000008b700000, 0x000000008b700000, 0x000000008b800000|  0%| F|  |TAMS 0x000000008b700000, 0x000000008b700000| Untracked 
|  36|0x000000008b800000, 0x000000008b800000, 0x000000008b900000|  0%| F|  |TAMS 0x000000008b800000, 0x000000008b800000| Untracked 
|  37|0x000000008b900000, 0x000000008b900000, 0x000000008ba00000|  0%| F|  |TAMS 0x000000008b900000, 0x000000008b900000| Untracked 
|  38|0x000000008ba00000, 0x000000008ba00000, 0x000000008bb00000|  0%| F|  |TAMS 0x000000008ba00000, 0x000000008ba00000| Untracked 
|  39|0x000000008bb00000, 0x000000008bb00000, 0x000000008bc00000|  0%| F|  |TAMS 0x000000008bb00000, 0x000000008bb00000| Untracked 
|  40|0x000000008bc00000, 0x000000008bc00000, 0x000000008bd00000|  0%| F|  |TAMS 0x000000008bc00000, 0x000000008bc00000| Untracked 
|  41|0x000000008bd00000, 0x000000008bd00000, 0x000000008be00000|  0%| F|  |TAMS 0x000000008bd00000, 0x000000008bd00000| Untracked 
|  42|0x000000008be00000, 0x000000008be00000, 0x000000008bf00000|  0%| F|  |TAMS 0x000000008be00000, 0x000000008be00000| Untracked 
|  43|0x000000008bf00000, 0x000000008bf00000, 0x000000008c000000|  0%| F|  |TAMS 0x000000008bf00000, 0x000000008bf00000| Untracked 
|  44|0x000000008c000000, 0x000000008c000000, 0x000000008c100000|  0%| F|  |TAMS 0x000000008c000000, 0x000000008c000000| Untracked 
|  45|0x000000008c100000, 0x000000008c100000, 0x000000008c200000|  0%| F|  |TAMS 0x000000008c100000, 0x000000008c100000| Untracked 
|  46|0x000000008c200000, 0x000000008c200000, 0x000000008c300000|  0%| F|  |TAMS 0x000000008c200000, 0x000000008c200000| Untracked 
|  47|0x000000008c300000, 0x000000008c300000, 0x000000008c400000|  0%| F|  |TAMS 0x000000008c300000, 0x000000008c300000| Untracked 
|  48|0x000000008c400000, 0x000000008c400000, 0x000000008c500000|  0%| F|  |TAMS 0x000000008c400000, 0x000000008c400000| Untracked 
|  49|0x000000008c500000, 0x000000008c500000, 0x000000008c600000|  0%| F|  |TAMS 0x000000008c500000, 0x000000008c500000| Untracked 
|  50|0x000000008c600000, 0x000000008c600000, 0x000000008c700000|  0%| F|  |TAMS 0x000000008c600000, 0x000000008c600000| Untracked 
|  51|0x000000008c700000, 0x000000008c700000, 0x000000008c800000|  0%| F|  |TAMS 0x000000008c700000, 0x000000008c700000| Untracked 
|  52|0x000000008c800000, 0x000000008c800000, 0x000000008c900000|  0%| F|  |TAMS 0x000000008c800000, 0x000000008c800000| Untracked 
|  53|0x000000008c900000, 0x000000008c900000, 0x000000008ca00000|  0%| F|  |TAMS 0x000000008c900000, 0x000000008c900000| Untracked 
|  54|0x000000008ca00000, 0x000000008ca00000, 0x000000008cb00000|  0%| F|  |TAMS 0x000000008ca00000, 0x000000008ca00000| Untracked 
|  55|0x000000008cb00000, 0x000000008cb00000, 0x000000008cc00000|  0%| F|  |TAMS 0x000000008cb00000, 0x000000008cb00000| Untracked 
|  56|0x000000008cc00000, 0x000000008cc00000, 0x000000008cd00000|  0%| F|  |TAMS 0x000000008cc00000, 0x000000008cc00000| Untracked 
|  57|0x000000008cd00000, 0x000000008cd00000, 0x000000008ce00000|  0%| F|  |TAMS 0x000000008cd00000, 0x000000008cd00000| Untracked 
|  58|0x000000008ce00000, 0x000000008ce00000, 0x000000008cf00000|  0%| F|  |TAMS 0x000000008ce00000, 0x000000008ce00000| Untracked 
|  59|0x000000008cf00000, 0x000000008cf00000, 0x000000008d000000|  0%| F|  |TAMS 0x000000008cf00000, 0x000000008cf00000| Untracked 
|  60|0x000000008d000000, 0x000000008d000000, 0x000000008d100000|  0%| F|  |TAMS 0x000000008d000000, 0x000000008d000000| Untracked 
|  61|0x000000008d100000, 0x000000008d100000, 0x000000008d200000|  0%| F|  |TAMS 0x000000008d100000, 0x000000008d100000| Untracked 
|  62|0x000000008d200000, 0x000000008d200000, 0x000000008d300000|  0%| F|  |TAMS 0x000000008d200000, 0x000000008d200000| Untracked 
|  63|0x000000008d300000, 0x000000008d300000, 0x000000008d400000|  0%| F|  |TAMS 0x000000008d300000, 0x000000008d300000| Untracked 
|  64|0x000000008d400000, 0x000000008d400000, 0x000000008d500000|  0%| F|  |TAMS 0x000000008d400000, 0x000000008d400000| Untracked 
|  65|0x000000008d500000, 0x000000008d500000, 0x000000008d600000|  0%| F|  |TAMS 0x000000008d500000, 0x000000008d500000| Untracked 
|  66|0x000000008d600000, 0x000000008d600000, 0x000000008d700000|  0%| F|  |TAMS 0x000000008d600000, 0x000000008d600000| Untracked 
|  67|0x000000008d700000, 0x000000008d700000, 0x000000008d800000|  0%| F|  |TAMS 0x000000008d700000, 0x000000008d700000| Untracked 
|  68|0x000000008d800000, 0x000000008d800000, 0x000000008d900000|  0%| F|  |TAMS 0x000000008d800000, 0x000000008d800000| Untracked 
|  69|0x000000008d900000, 0x000000008d900000, 0x000000008da00000|  0%| F|  |TAMS 0x000000008d900000, 0x000000008d900000| Untracked 
|  70|0x000000008da00000, 0x000000008da00000, 0x000000008db00000|  0%| F|  |TAMS 0x000000008da00000, 0x000000008da00000| Untracked 
|  71|0x000000008db00000, 0x000000008db00000, 0x000000008dc00000|  0%| F|  |TAMS 0x000000008db00000, 0x000000008db00000| Untracked 
|  72|0x000000008dc00000, 0x000000008dc00000, 0x000000008dd00000|  0%| F|  |TAMS 0x000000008dc00000, 0x000000008dc00000| Untracked 
|  73|0x000000008dd00000, 0x000000008dd00000, 0x000000008de00000|  0%| F|  |TAMS 0x000000008dd00000, 0x000000008dd00000| Untracked 
|  74|0x000000008de00000, 0x000000008de00000, 0x000000008df00000|  0%| F|  |TAMS 0x000000008de00000, 0x000000008de00000| Untracked 
|  75|0x000000008df00000, 0x000000008df00000, 0x000000008e000000|  0%| F|  |TAMS 0x000000008df00000, 0x000000008df00000| Untracked 
|  76|0x000000008e000000, 0x000000008e000000, 0x000000008e100000|  0%| F|  |TAMS 0x000000008e000000, 0x000000008e000000| Untracked 
|  77|0x000000008e100000, 0x000000008e100000, 0x000000008e200000|  0%| F|  |TAMS 0x000000008e100000, 0x000000008e100000| Untracked 
|  78|0x000000008e200000, 0x000000008e200000, 0x000000008e300000|  0%| F|  |TAMS 0x000000008e200000, 0x000000008e200000| Untracked 
|  79|0x000000008e300000, 0x000000008e300000, 0x000000008e400000|  0%| F|  |TAMS 0x000000008e300000, 0x000000008e300000| Untracked 
|  80|0x000000008e400000, 0x000000008e400000, 0x000000008e500000|  0%| F|  |TAMS 0x000000008e400000, 0x000000008e400000| Untracked 
|  81|0x000000008e500000, 0x000000008e500000, 0x000000008e600000|  0%| F|  |TAMS 0x000000008e500000, 0x000000008e500000| Untracked 
|  82|0x000000008e600000, 0x000000008e600000, 0x000000008e700000|  0%| F|  |TAMS 0x000000008e600000, 0x000000008e600000| Untracked 
|  83|0x000000008e700000, 0x000000008e700000, 0x000000008e800000|  0%| F|  |TAMS 0x000000008e700000, 0x000000008e700000| Untracked 
|  84|0x000000008e800000, 0x000000008e800000, 0x000000008e900000|  0%| F|  |TAMS 0x000000008e800000, 0x000000008e800000| Untracked 
|  85|0x000000008e900000, 0x000000008e900000, 0x000000008ea00000|  0%| F|  |TAMS 0x000000008e900000, 0x000000008e900000| Untracked 
|  86|0x000000008ea00000, 0x000000008ea00000, 0x000000008eb00000|  0%| F|  |TAMS 0x000000008ea00000, 0x000000008ea00000| Untracked 
|  87|0x000000008eb00000, 0x000000008eb00000, 0x000000008ec00000|  0%| F|  |TAMS 0x000000008eb00000, 0x000000008eb00000| Untracked 
|  88|0x000000008ec00000, 0x000000008ec00000, 0x000000008ed00000|  0%| F|  |TAMS 0x000000008ec00000, 0x000000008ec00000| Untracked 
|  89|0x000000008ed00000, 0x000000008ed00000, 0x000000008ee00000|  0%| F|  |TAMS 0x000000008ed00000, 0x000000008ed00000| Untracked 
|  90|0x000000008ee00000, 0x000000008ee00000, 0x000000008ef00000|  0%| F|  |TAMS 0x000000008ee00000, 0x000000008ee00000| Untracked 
|  91|0x000000008ef00000, 0x000000008ef00000, 0x000000008f000000|  0%| F|  |TAMS 0x000000008ef00000, 0x000000008ef00000| Untracked 
|  92|0x000000008f000000, 0x000000008f000000, 0x000000008f100000|  0%| F|  |TAMS 0x000000008f000000, 0x000000008f000000| Untracked 
|  93|0x000000008f100000, 0x000000008f100000, 0x000000008f200000|  0%| F|  |TAMS 0x000000008f100000, 0x000000008f100000| Untracked 
|  94|0x000000008f200000, 0x000000008f200000, 0x000000008f300000|  0%| F|  |TAMS 0x000000008f200000, 0x000000008f200000| Untracked 
|  95|0x000000008f300000, 0x000000008f300000, 0x000000008f400000|  0%| F|  |TAMS 0x000000008f300000, 0x000000008f300000| Untracked 
|  96|0x000000008f400000, 0x000000008f400000, 0x000000008f500000|  0%| F|  |TAMS 0x000000008f400000, 0x000000008f400000| Untracked 
|  97|0x000000008f500000, 0x000000008f500000, 0x000000008f600000|  0%| F|  |TAMS 0x000000008f500000, 0x000000008f500000| Untracked 
|  98|0x000000008f600000, 0x000000008f600000, 0x000000008f700000|  0%| F|  |TAMS 0x000000008f600000, 0x000000008f600000| Untracked 
|  99|0x000000008f700000, 0x000000008f700000, 0x000000008f800000|  0%| F|  |TAMS 0x000000008f700000, 0x000000008f700000| Untracked 
| 100|0x000000008f800000, 0x000000008f800000, 0x000000008f900000|  0%| F|  |TAMS 0x000000008f800000, 0x000000008f800000| Untracked 
| 101|0x000000008f900000, 0x000000008f900000, 0x000000008fa00000|  0%| F|  |TAMS 0x000000008f900000, 0x000000008f900000| Untracked 
| 102|0x000000008fa00000, 0x000000008fa00000, 0x000000008fb00000|  0%| F|  |TAMS 0x000000008fa00000, 0x000000008fa00000| Untracked 
| 103|0x000000008fb00000, 0x000000008fb00000, 0x000000008fc00000|  0%| F|  |TAMS 0x000000008fb00000, 0x000000008fb00000| Untracked 
| 104|0x000000008fc00000, 0x000000008fc00000, 0x000000008fd00000|  0%| F|  |TAMS 0x000000008fc00000, 0x000000008fc00000| Untracked 
| 105|0x000000008fd00000, 0x000000008fd00000, 0x000000008fe00000|  0%| F|  |TAMS 0x000000008fd00000, 0x000000008fd00000| Untracked 
| 106|0x000000008fe00000, 0x000000008fe00000, 0x000000008ff00000|  0%| F|  |TAMS 0x000000008fe00000, 0x000000008fe00000| Untracked 
| 107|0x000000008ff00000, 0x000000008ff00000, 0x0000000090000000|  0%| F|  |TAMS 0x000000008ff00000, 0x000000008ff00000| Untracked 
| 108|0x0000000090000000, 0x0000000090000000, 0x0000000090100000|  0%| F|  |TAMS 0x0000000090000000, 0x0000000090000000| Untracked 
| 109|0x0000000090100000, 0x0000000090100000, 0x0000000090200000|  0%| F|  |TAMS 0x0000000090100000, 0x0000000090100000| Untracked 
| 110|0x0000000090200000, 0x0000000090200000, 0x0000000090300000|  0%| F|  |TAMS 0x0000000090200000, 0x0000000090200000| Untracked 
| 111|0x0000000090300000, 0x0000000090300000, 0x0000000090400000|  0%| F|  |TAMS 0x0000000090300000, 0x0000000090300000| Untracked 
| 112|0x0000000090400000, 0x0000000090400000, 0x0000000090500000|  0%| F|  |TAMS 0x0000000090400000, 0x0000000090400000| Untracked 
| 113|0x0000000090500000, 0x0000000090500000, 0x0000000090600000|  0%| F|  |TAMS 0x0000000090500000, 0x0000000090500000| Untracked 
| 114|0x0000000090600000, 0x0000000090600000, 0x0000000090700000|  0%| F|  |TAMS 0x0000000090600000, 0x0000000090600000| Untracked 
| 115|0x0000000090700000, 0x0000000090700000, 0x0000000090800000|  0%| F|  |TAMS 0x0000000090700000, 0x0000000090700000| Untracked 
| 116|0x0000000090800000, 0x0000000090800000, 0x0000000090900000|  0%| F|  |TAMS 0x0000000090800000, 0x0000000090800000| Untracked 
| 117|0x0000000090900000, 0x0000000090900000, 0x0000000090a00000|  0%| F|  |TAMS 0x0000000090900000, 0x0000000090900000| Untracked 
| 118|0x0000000090a00000, 0x0000000090a82f80, 0x0000000090b00000| 51%| E|  |TAMS 0x0000000090a00000, 0x0000000090a00000| Complete 
| 119|0x0000000090b00000, 0x0000000090c00000, 0x0000000090c00000|100%| E|CS|TAMS 0x0000000090b00000, 0x0000000090b00000| Complete 

Card table byte_map: [0x000001ae530f0000,0x000001ae534b0000] _byte_map_base: 0x000001ae52ca6000

Marking Bits (Prev, Next): (CMBitMap*) 0x000001ae40042e90, (CMBitMap*) 0x000001ae40042ed0
 Prev Bits: [0x000001ae53870000, 0x000001ae55620000)
 Next Bits: [0x000001ae55620000, 0x000001ae573d0000)

Polling page: 0x000001ae3f7b0000

Metaspace:

Usage:
  Non-class:      4.00 MB used.
      Class:    380.25 KB used.
       Both:      4.37 MB used.

Virtual space:
  Non-class space:        8.00 MB reserved,       4.00 MB ( 50%) committed,  1 nodes.
      Class space:        1.00 GB reserved,     384.00 KB ( <1%) committed,  1 nodes.
             Both:        1.01 GB reserved,       4.38 MB ( <1%) committed. 

Chunk freelists:
   Non-Class:  3.00 MB
       Class:  3.62 MB
        Both:  6.62 MB

MaxMetaspaceSize: unlimited
CompressedClassSpaceSize: 1.00 GB
Initial GC threshold: 21.00 MB
Current GC threshold: 21.00 MB
CDS: off
MetaspaceReclaimPolicy: balanced
 - commit_granule_bytes: 65536.
 - commit_granule_words: 8192.
 - virtual_space_node_default_size: 1048576.
 - enlarge_chunks_in_place: 1.
 - new_chunks_are_fully_committed: 0.
 - uncommit_free_chunks: 1.
 - use_allocation_guard: 0.
 - handle_deallocations: 1.


Internal statistics:

num_allocs_failed_limit: 0.
num_arena_births: 2.
num_arena_deaths: 0.
num_vsnodes_births: 2.
num_vsnodes_deaths: 0.
num_space_committed: 70.
num_space_uncommitted: 0.
num_chunks_returned_to_freelist: 0.
num_chunks_taken_from_freelist: 4.
num_chunk_merges: 0.
num_chunk_splits: 2.
num_chunks_enlarged: 0.
num_purges: 0.
num_inconsistent_stats: 0.

CodeHeap 'non-profiled nmethods': size=119168Kb used=24Kb max_used=24Kb free=119143Kb
 bounds [0x000001ae4b050000, 0x000001ae4b2c0000, 0x000001ae524b0000]
CodeHeap 'profiled nmethods': size=119104Kb used=122Kb max_used=122Kb free=118981Kb
 bounds [0x000001ae434b0000, 0x000001ae43720000, 0x000001ae4a900000]
CodeHeap 'non-nmethods': size=7488Kb used=1609Kb max_used=1625Kb free=5878Kb
 bounds [0x000001ae4a900000, 0x000001ae4ab70000, 0x000001ae4b050000]
 total_blobs=401 nmethods=95 adapters=218
 compilation: enabled
              stopped_count=0, restarted_count=0
 full_count=0

Compilation events (20 events):
Event: 0.133 Thread 0x000001ae5a466ff0 nmethod 78 0x000001ae4b053710 code [0x000001ae4b053880, 0x000001ae4b053938]
Event: 0.133 Thread 0x000001ae5b1bcd40 nmethod 84 0x000001ae434cad90 code [0x000001ae434caf20, 0x000001ae434cb0d8]
Event: 0.133 Thread 0x000001ae5a466ff0   90 %     4       java.util.zip.ZipCoder$UTF8ZipCoder::checkedHash @ 14 (91 bytes)
Event: 0.133 Thread 0x000001ae5b1bcd40   85       3       java.util.zip.ZipFile$Source::zipCoderForPos (39 bytes)
Event: 0.134 Thread 0x000001ae5b1bcd40 nmethod 85 0x000001ae434cb210 code [0x000001ae434cb3e0, 0x000001ae434cb7c8]
Event: 0.134 Thread 0x000001ae5b1bcd40   87       3       java.util.zip.ZipFile$Source::nextEntryPos (22 bytes)
Event: 0.134 Thread 0x000001ae5a4699b0 nmethod 80 0x000001ae434cb990 code [0x000001ae434cbd00, 0x000001ae434cd0a8]
Event: 0.134 Thread 0x000001ae5b1bcd40 nmethod 87 0x000001ae434cdc10 code [0x000001ae434cddc0, 0x000001ae434ce0f8]
Event: 0.134 Thread 0x000001ae5a4699b0   88       3       java.util.zip.ZipUtils::CENCOM (9 bytes)
Event: 0.134 Thread 0x000001ae5b1bcd40   89       3       java.util.zip.ZipUtils::CENEXT (9 bytes)
Event: 0.134 Thread 0x000001ae5b1bcd40 nmethod 89 0x000001ae434ce290 code [0x000001ae434ce420, 0x000001ae434ce5d8]
Event: 0.134 Thread 0x000001ae5a4699b0 nmethod 88 0x000001ae434ce710 code [0x000001ae434ce8a0, 0x000001ae434cea58]
Event: 0.137 Thread 0x000001ae5a466ff0 nmethod 90% 0x000001ae4b053a10 code [0x000001ae4b053ba0, 0x000001ae4b053f18]
Event: 0.137 Thread 0x000001ae5a466ff0   94       4       java.util.zip.ZipFile$Source::nextEntryPos (22 bytes)
Event: 0.138 Thread 0x000001ae5a466ff0 nmethod 94 0x000001ae4b054090 code [0x000001ae4b054200, 0x000001ae4b054338]
Event: 0.138 Thread 0x000001ae5a466ff0   95       4       java.util.zip.ZipCoder$UTF8ZipCoder::checkedHash (91 bytes)
Event: 0.142 Thread 0x000001ae5a466ff0 nmethod 95 0x000001ae4b054490 code [0x000001ae4b054620, 0x000001ae4b054998]
Event: 0.142 Thread 0x000001ae5a466ff0   92       4       java.util.zip.ZipFile$Source::isMetaName (141 bytes)
Event: 0.144 Thread 0x000001ae5a466ff0 nmethod 92 0x000001ae4b054b90 code [0x000001ae4b054d00, 0x000001ae4b054e98]
Event: 0.144 Thread 0x000001ae5a466ff0   91   !   4       java.util.zip.ZipFile$Source::checkAndAddEntry (209 bytes)

GC Heap History (0 events):
No events

Dll operation events (1 events):
Event: 0.009 Loaded shared library C:\Program Files\Android\Android Studio\jbr\bin\java.dll

Deoptimization events (20 events):
Event: 0.142 Thread 0x000001ae3ffe89c0 DEOPT PACKING pc=0x000001ae434c8d8c sp=0x000000590a9fd750
Event: 0.142 Thread 0x000001ae3ffe89c0 DEOPT UNPACKING pc=0x000001ae4a957143 sp=0x000000590a9fcbe0 mode 0
Event: 0.142 Thread 0x000001ae3ffe89c0 DEOPT PACKING pc=0x000001ae434c8d8c sp=0x000000590a9fd750
Event: 0.142 Thread 0x000001ae3ffe89c0 DEOPT UNPACKING pc=0x000001ae4a957143 sp=0x000000590a9fcbe0 mode 0
Event: 0.142 Thread 0x000001ae3ffe89c0 DEOPT PACKING pc=0x000001ae434c8d8c sp=0x000000590a9fd750
Event: 0.142 Thread 0x000001ae3ffe89c0 DEOPT UNPACKING pc=0x000001ae4a957143 sp=0x000000590a9fcbe0 mode 0
Event: 0.142 Thread 0x000001ae3ffe89c0 DEOPT PACKING pc=0x000001ae434c8d8c sp=0x000000590a9fd750
Event: 0.142 Thread 0x000001ae3ffe89c0 DEOPT UNPACKING pc=0x000001ae4a957143 sp=0x000000590a9fcbe0 mode 0
Event: 0.142 Thread 0x000001ae3ffe89c0 DEOPT PACKING pc=0x000001ae434c8d8c sp=0x000000590a9fd750
Event: 0.142 Thread 0x000001ae3ffe89c0 DEOPT UNPACKING pc=0x000001ae4a957143 sp=0x000000590a9fcbe0 mode 0
Event: 0.142 Thread 0x000001ae3ffe89c0 DEOPT PACKING pc=0x000001ae434c8d8c sp=0x000000590a9fd750
Event: 0.142 Thread 0x000001ae3ffe89c0 DEOPT UNPACKING pc=0x000001ae4a957143 sp=0x000000590a9fcbe0 mode 0
Event: 0.142 Thread 0x000001ae3ffe89c0 DEOPT PACKING pc=0x000001ae434c8d8c sp=0x000000590a9fd750
Event: 0.142 Thread 0x000001ae3ffe89c0 DEOPT UNPACKING pc=0x000001ae4a957143 sp=0x000000590a9fcbe0 mode 0
Event: 0.142 Thread 0x000001ae3ffe89c0 DEOPT PACKING pc=0x000001ae434c8d8c sp=0x000000590a9fd750
Event: 0.142 Thread 0x000001ae3ffe89c0 DEOPT UNPACKING pc=0x000001ae4a957143 sp=0x000000590a9fcbe0 mode 0
Event: 0.142 Thread 0x000001ae3ffe89c0 DEOPT PACKING pc=0x000001ae434c8d8c sp=0x000000590a9fd750
Event: 0.142 Thread 0x000001ae3ffe89c0 DEOPT UNPACKING pc=0x000001ae4a957143 sp=0x000000590a9fcbe0 mode 0
Event: 0.142 Thread 0x000001ae3ffe89c0 DEOPT PACKING pc=0x000001ae434c8d8c sp=0x000000590a9fd750
Event: 0.142 Thread 0x000001ae3ffe89c0 DEOPT UNPACKING pc=0x000001ae4a957143 sp=0x000000590a9fcbe0 mode 0

Classes unloaded (0 events):
No events

Classes redefined (0 events):
No events

Internal exceptions (0 events):
No events

VM Operations (0 events):
No events

Events (20 events):
Event: 0.126 loading class java/util/zip/ZipUtils
Event: 0.126 loading class java/util/zip/ZipUtils done
Event: 0.143 loading class java/util/concurrent/TimeUnit
Event: 0.144 loading class java/util/concurrent/TimeUnit done
Event: 0.144 loading class java/nio/file/attribute/FileTime
Event: 0.144 loading class java/nio/file/attribute/FileTime done
Event: 0.144 loading class jdk/internal/perf/PerfCounter
Event: 0.144 loading class jdk/internal/perf/PerfCounter done
Event: 0.144 loading class jdk/internal/perf/Perf$GetPerfAction
Event: 0.144 loading class jdk/internal/perf/Perf$GetPerfAction done
Event: 0.144 loading class jdk/internal/perf/Perf
Event: 0.144 loading class jdk/internal/perf/Perf done
Event: 0.144 loading class jdk/internal/perf/PerfCounter$CoreCounters
Event: 0.145 loading class jdk/internal/perf/PerfCounter$CoreCounters done
Event: 0.145 loading class sun/nio/ch/DirectBuffer
Event: 0.145 loading class sun/nio/ch/DirectBuffer done
Event: 0.145 loading class java/nio/DirectByteBuffer
Event: 0.145 loading class java/nio/MappedByteBuffer
Event: 0.145 loading class java/nio/MappedByteBuffer done
Event: 0.145 loading class java/nio/DirectByteBuffer done


Dynamic libraries:
0x00007ff683ae0000 - 0x00007ff683aea000 	C:\Program Files\Android\Android Studio\jbr\bin\java.exe
0x00007fff3b190000 - 0x00007fff3b3a7000 	C:\Windows\SYSTEM32\ntdll.dll
0x00007fff3a010000 - 0x00007fff3a0d4000 	C:\Windows\System32\KERNEL32.DLL
0x00007fff386f0000 - 0x00007fff38a95000 	C:\Windows\System32\KERNELBASE.dll
0x00007fff385a0000 - 0x00007fff386b1000 	C:\Windows\System32\ucrtbase.dll
0x00007fff07c20000 - 0x00007fff07c37000 	C:\Program Files\Android\Android Studio\jbr\bin\jli.dll
0x00007fff3a8c0000 - 0x00007fff3aa6e000 	C:\Windows\System32\USER32.dll
0x00007fff386c0000 - 0x00007fff386e6000 	C:\Windows\System32\win32u.dll
0x00007ffef5860000 - 0x00007ffef587b000 	C:\Program Files\Android\Android Studio\jbr\bin\VCRUNTIME140.dll
0x00007fff39d80000 - 0x00007fff39da9000 	C:\Windows\System32\GDI32.dll
0x00007fff38c10000 - 0x00007fff38d29000 	C:\Windows\System32\gdi32full.dll
0x00007fff26ec0000 - 0x00007fff27153000 	C:\Windows\WinSxS\amd64_microsoft.windows.common-controls_6595b64144ccf1df_6.0.22621.2506_none_270c5ae97388e100\COMCTL32.dll
0x00007fff38500000 - 0x00007fff3859a000 	C:\Windows\System32\msvcp_win.dll
0x00007fff3a5b0000 - 0x00007fff3a657000 	C:\Windows\System32\msvcrt.dll
0x00007fff3a560000 - 0x00007fff3a591000 	C:\Windows\System32\IMM32.DLL
0x00007fff1f450000 - 0x00007fff1f45c000 	C:\Program Files\Android\Android Studio\jbr\bin\vcruntime140_1.dll
0x00007ffed6180000 - 0x00007ffed620d000 	C:\Program Files\Android\Android Studio\jbr\bin\msvcp140.dll
0x00007ffe9d720000 - 0x00007ffe9e38e000 	C:\Program Files\Android\Android Studio\jbr\bin\server\jvm.dll
0x00007fff38ee0000 - 0x00007fff38f91000 	C:\Windows\System32\ADVAPI32.dll
0x00007fff39190000 - 0x00007fff39236000 	C:\Windows\System32\sechost.dll
0x00007fff38fa0000 - 0x00007fff390b7000 	C:\Windows\System32\RPCRT4.dll
0x00007fff31830000 - 0x00007fff31864000 	C:\Windows\SYSTEM32\WINMM.dll
0x00007fff31350000 - 0x00007fff3135a000 	C:\Windows\SYSTEM32\VERSION.dll
0x00007fff32b40000 - 0x00007fff32b49000 	C:\Windows\SYSTEM32\WSOCK32.dll
0x00007fff39240000 - 0x00007fff392b1000 	C:\Windows\System32\WS2_32.dll
0x00007fff37470000 - 0x00007fff37488000 	C:\Windows\SYSTEM32\kernel.appcore.dll
0x00007fff2d910000 - 0x00007fff2d91a000 	C:\Program Files\Android\Android Studio\jbr\bin\jimage.dll
0x00007fff2ed40000 - 0x00007fff2ef73000 	C:\Windows\SYSTEM32\DBGHELP.DLL
0x00007fff3aa70000 - 0x00007fff3adf9000 	C:\Windows\System32\combase.dll
0x00007fff39f30000 - 0x00007fff3a007000 	C:\Windows\System32\OLEAUT32.dll
0x00007fff2eb30000 - 0x00007fff2eb62000 	C:\Windows\SYSTEM32\dbgcore.DLL
0x00007fff38e60000 - 0x00007fff38eda000 	C:\Windows\System32\bcryptPrimitives.dll
0x00007fff13ac0000 - 0x00007fff13ae5000 	C:\Program Files\Android\Android Studio\jbr\bin\java.dll
0x00007fff13a80000 - 0x00007fff13a98000 	C:\Program Files\Android\Android Studio\jbr\bin\zip.dll
0x00007fff392c0000 - 0x00007fff39b19000 	C:\Windows\System32\SHELL32.dll
0x00007fff363d0000 - 0x00007fff36cc4000 	C:\Windows\SYSTEM32\windows.storage.dll
0x00007fff36290000 - 0x00007fff363ce000 	C:\Windows\SYSTEM32\wintypes.dll
0x00007fff3ae00000 - 0x00007fff3aef3000 	C:\Windows\System32\SHCORE.dll
0x00007fff3a810000 - 0x00007fff3a86e000 	C:\Windows\System32\shlwapi.dll
0x00007fff38430000 - 0x00007fff38456000 	C:\Windows\SYSTEM32\profapi.dll
0x00007fff0e7f0000 - 0x00007fff0e809000 	C:\Program Files\Android\Android Studio\jbr\bin\net.dll
0x00007fff32320000 - 0x00007fff32457000 	C:\Windows\SYSTEM32\WINHTTP.dll
0x00007fff37980000 - 0x00007fff379e9000 	C:\Windows\system32\mswsock.dll
0x00007fff07c40000 - 0x00007fff07c56000 	C:\Program Files\Android\Android Studio\jbr\bin\nio.dll

dbghelp: loaded successfully - version: 4.0.5 - missing functions: none
symbol engine: initialized successfully - sym options: 0x614 - pdb path: .;C:\Program Files\Android\Android Studio\jbr\bin;C:\Windows\SYSTEM32;C:\Windows\WinSxS\amd64_microsoft.windows.common-controls_6595b64144ccf1df_6.0.22621.2506_none_270c5ae97388e100;C:\Program Files\Android\Android Studio\jbr\bin\server

VM Arguments:
java_command: org.jetbrains.kotlin.cli.jvm.K2JVMCompiler @D:\Jetpack-Compose\BizCard App\app\build\20231118_12960033391502179079.compiler.options
java_class_path (initial): C:\Users\raihan\.gradle\caches\modules-2\files-2.1\org.jetbrains.kotlin\kotlin-compiler-embeddable\1.8.10\b0757fd774344d54ce93f5ad6c30ba1c1731c8ff\kotlin-compiler-embeddable-1.8.10.jar;C:\Users\raihan\.gradle\caches\modules-2\files-2.1\org.jetbrains.kotlin\kotlin-stdlib\1.8.10\6d5560a229477df9406943d5feda5618e98eb64c\kotlin-stdlib-1.8.10.jar;C:\Users\raihan\.gradle\caches\modules-2\files-2.1\org.jetbrains.kotlin\kotlin-script-runtime\1.8.10\b13ea9c7e46d589139e56086a878763290e20bd5\kotlin-script-runtime-1.8.10.jar;C:\Users\raihan\.gradle\caches\modules-2\files-2.1\org.jetbrains.kotlin\kotlin-reflect\1.6.10\1cbe9c92c12a94eea200d23c2bbaedaf3daf5132\kotlin-reflect-1.6.10.jar;C:\Users\raihan\.gradle\caches\modules-2\files-2.1\org.jetbrains.kotlin\kotlin-daemon-embeddable\1.8.10\ad8541d9bc1cf9e52c3204161247910c2cf601d4\kotlin-daemon-embeddable-1.8.10.jar;C:\Users\raihan\.gradle\caches\modules-2\files-2.1\org.jetbrains.intellij.deps\trove4j\1.0.20200330\3afb14d5f9ceb459d724e907a21145e8ff394f02\trove4j-1.0.20200330.jar;C:\Users\raihan\.gradle\caches\modules-2\files-2.1\net.java.dev.jna\jna\5.6.0\330f2244e9030119ab3030fc3fededc86713d9cc\jna-5.6.0.jar;C:\Users\raihan\.gradle\caches\modules-2\files-2.1\org.jetbrains.kotlin\kotlin-stdlib-common\1.8.10\a61b182458550492c12aee66157d7b524a63a5ec\kotlin-stdlib-common-1.8.10.jar;C:\Users\raihan\.gradle\caches\modules-2\files-2.1\org.jetbrains\annotations\13.0\919f0dfe192fb4e063e7dacadee7f8bb9a2672a9\annotations-13.0.jar
Launcher Type: SUN_STANDARD

[Global flags]
     intx CICompilerCount                          = 12                                        {product} {ergonomic}
     uint ConcGCThreads                            = 3                                         {product} {ergonomic}
     uint G1ConcRefinementThreads                  = 13                                        {product} {ergonomic}
   size_t G1HeapRegionSize                         = 1048576                                   {product} {ergonomic}
    uintx GCDrainStackTargetSize                   = 64                                        {product} {ergonomic}
   size_t InitialHeapSize                          = 125829120                                 {product} {ergonomic}
   size_t MarkStackSize                            = 4194304                                   {product} {ergonomic}
   size_t MaxHeapSize                              = 1992294400                                {product} {ergonomic}
   size_t MaxNewSize                               = 1195376640                                {product} {ergonomic}
   size_t MinHeapDeltaBytes                        = 1048576                                   {product} {ergonomic}
   size_t MinHeapSize                              = 8388608                                   {product} {ergonomic}
    uintx NonNMethodCodeHeapSize                   = 7602480                                {pd product} {ergonomic}
    uintx NonProfiledCodeHeapSize                  = 122027880                              {pd product} {ergonomic}
    uintx ProfiledCodeHeapSize                     = 122027880                              {pd product} {ergonomic}
    uintx ReservedCodeCacheSize                    = 251658240                              {pd product} {ergonomic}
     bool SegmentedCodeCache                       = true                                      {product} {ergonomic}
   size_t SoftMaxHeapSize                          = 1992294400                             {manageable} {ergonomic}
     bool UseCompressedClassPointers               = true                           {product lp64_product} {ergonomic}
     bool UseCompressedOops                        = true                           {product lp64_product} {ergonomic}
     bool UseG1GC                                  = true                                      {product} {ergonomic}
     bool UseLargePagesIndividualAllocation        = false                                  {pd product} {ergonomic}

Logging:
Log output configuration:
 #0: stdout all=warning uptime,level,tags
 #1: stderr all=off uptime,level,tags

Environment Variables:
JAVA_HOME=C:\Program Files\Zulu\zulu-17
PATH=C:\Program Files\Zulu\zulu-17\bin\;C:\Windows\system32;C:\Windows;C:\Windows\System32\Wbem;C:\Windows\System32\WindowsPowerShell\v1.0\;C:\Windows\System32\OpenSSH\;C:\Program Files\gradle-8.2.1-bin\gradle-8.2.1\bin;C:\Program Files\NVIDIA Corporation\NVIDIA NvDLISR;C:\Program Files (x86)\NVIDIA Corporation\PhysX\Common;C:\Program Files\Git\cmd;C:\Program Files\nodejs\;C:\Users\raihan\AppData\Local\Microsoft\WindowsApps;D:\Microsoft VS Code\bin;C:\Users\raihan\AppData\Local\gitkraken\bin;C:\Users\raihan\AppData\Local\spicetify;C:\Users\raihan\AppData\Roaming\npm
USERNAME=raihan
OS=Windows_NT
PROCESSOR_IDENTIFIER=AMD64 Family 23 Model 96 Stepping 1, AuthenticAMD
TMP=C:\Users\raihan\AppData\Local\Temp
TEMP=C:\Users\raihan\AppData\Local\Temp


JNI global refs:
JNI global refs: 13, weak refs: 0

JNI global refs memory usage: 843, weak refs: 209


---------------  S Y S T E M  ---------------

OS:
 Windows 11 , 64 bit Build 22621 (10.0.22621.2506)
OS uptime: 0 days 16:55 hours
Hyper-V role detected

CPU: total 16 (initial active 16) (16 cores per cpu, 2 threads per core) family 23 model 96 stepping 1 microcode 0x0, cx8, cmov, fxsr, ht, mmx, 3dnowpref, sse, sse2, sse3, ssse3, sse4a, sse4.1, sse4.2, popcnt, lzcnt, tsc, tscinvbit, avx, avx2, aes, clmul, bmi1, bmi2, adx, sha, fma, vzeroupper, clflush, clflushopt, hv

Memory: 4k page, system-wide physical 7598M (365M free)
TotalPageFile size 19886M (AvailPageFile size 0M)
current process WorkingSet (physical memory assigned to process): 34M, peak: 34M
current process commit charge ("private bytes"): 205M, peak: 205M

vm_info: OpenJDK 64-Bit Server VM (17.0.6+0-b2043.56-10027231) for windows-amd64 JRE (17.0.6+0-b2043.56-10027231), built on Apr 28 2023 00:43:19 by "androidbuild" with MS VC++ 16.10 / 16.11 (VS2019)

END.
