#
# There is insufficient memory for the Java Runtime Environment to continue.
# Native memory allocation (mmap) failed to map 29360128 bytes for G1 virtual space
# Possible reasons:
#   The system is out of physical RAM or swap space
#   The process is running with CompressedOops enabled, and the Java Heap may be blocking the growth of the native heap
# Possible solutions:
#   Reduce memory load on the system
#   Increase physical memory or swap space
#   Check if swap backing store is full
#   Decrease Java heap size (-Xmx/-Xms)
#   Decrease number of Java threads
#   Decrease Java thread stack sizes (-Xss)
#   Set larger code cache with -XX:ReservedCodeCacheSize=
#   JVM is running with Unscaled Compressed Oops mode in which the Java heap is
#     placed in the first 4GB address space. The Java Heap base address is the
#     maximum limit for the native heap growth. Please use -XX:HeapBaseMinAddress
#     to set the Java Heap base and to place the Java Heap above 4GB virtual address.
# This output file may be truncated or incomplete.
#
#  Out of Memory Error (os_windows.cpp:3769), pid=12304, tid=9440
#
# JRE version: OpenJDK Runtime Environment (17.0.6) (build 17.0.6+0-b2043.56-10027231)
# Java VM: OpenJDK 64-Bit Server VM (17.0.6+0-b2043.56-10027231, mixed mode, tiered, compressed oops, compressed class ptrs, g1 gc, windows-amd64)
# No core dump will be written. Minidumps are not enabled by default on client versions of Windows
#

---------------  S U M M A R Y ------------

Command Line: --add-opens=java.base/java.util=ALL-UNNAMED --add-opens=java.base/java.lang=ALL-UNNAMED --add-opens=java.base/java.lang.invoke=ALL-UNNAMED --add-opens=java.prefs/java.util.prefs=ALL-UNNAMED --add-opens=java.base/java.nio.charset=ALL-UNNAMED --add-opens=java.base/java.net=ALL-UNNAMED --add-opens=java.base/java.util.concurrent.atomic=ALL-UNNAMED -Xmx2048m -Dfile.encoding=UTF-8 -Duser.country=ID -Duser.language=en -Duser.variant org.gradle.launcher.daemon.bootstrap.GradleDaemon 8.0

Host: AMD Ryzen 7 4800H with Radeon Graphics         , 16 cores, 7G,  Windows 11 , 64 bit Build 22621 (10.0.22621.2506)
Time: Sat Nov 18 11:33:48 2023 SE Asia Standard Time elapsed time: 15.410077 seconds (0d 0h 0m 15s)

---------------  T H R E A D  ---------------

Current thread (0x000001b8ded42cb0):  VMThread "VM Thread" [stack: 0x0000003982200000,0x0000003982300000] [id=9440]

Stack: [0x0000003982200000,0x0000003982300000]
Native frames: (J=compiled Java code, j=interpreted, Vv=VM code, C=native code)
V  [jvm.dll+0x683c9a]
V  [jvm.dll+0x8427a4]
V  [jvm.dll+0x843f9e]
V  [jvm.dll+0x844603]
V  [jvm.dll+0x249b75]
V  [jvm.dll+0x680b69]
V  [jvm.dll+0x67505a]
V  [jvm.dll+0x309acb]
V  [jvm.dll+0x310f86]
V  [jvm.dll+0x3608ee]
V  [jvm.dll+0x360b1f]
V  [jvm.dll+0x2dfbf8]
V  [jvm.dll+0x2ddec4]
V  [jvm.dll+0x2dd4cc]
V  [jvm.dll+0x321f3b]
V  [jvm.dll+0x848ccb]
V  [jvm.dll+0x849a04]
V  [jvm.dll+0x849f1d]
V  [jvm.dll+0x84a2f4]
V  [jvm.dll+0x84a3c0]
V  [jvm.dll+0x7f274a]
V  [jvm.dll+0x682ad5]
C  [ucrtbase.dll+0x29363]
C  [KERNEL32.DLL+0x1257d]
C  [ntdll.dll+0x5aa58]

VM_Operation (0x0000003983af5570): G1CollectForAllocation, mode: safepoint, requested by thread 0x000001b8e23c6450


---------------  P R O C E S S  ---------------

Threads class SMR info:
_java_thread_list=0x000001b8e4fbe740, length=204, elements={
0x000001b8c4897a80, 0x000001b8dfc3e290, 0x000001b8ded430b0, 0x000001b8dfc26250,
0x000001b8dfc5b020, 0x000001b8dfc5d8f0, 0x000001b8dfc5e2a0, 0x000001b8dfc5ef80,
0x000001b8dfc5fa20, 0x000001b8dfc60410, 0x000001b8dfde6770, 0x000001b8dfdee8e0,
0x000001b8dfe1a020, 0x000001b8e17c4660, 0x000001b8e135c2c0, 0x000001b8e230a070,
0x000001b8e12fa0e0, 0x000001b8e1313190, 0x000001b8e22d5930, 0x000001b8e23c6450,
0x000001b8e0cedca0, 0x000001b8e0ced300, 0x000001b8e0cee170, 0x000001b8e0cee640,
0x000001b8e0ceeb10, 0x000001b8e0ced7d0, 0x000001b8e2321890, 0x000001b8e2320a20,
0x000001b8e2322230, 0x000001b8e2320550, 0x000001b8e2322700, 0x000001b8e23213c0,
0x000001b8e2320080, 0x000001b8e23248b0, 0x000001b8e23230a0, 0x000001b8e2323a40,
0x000001b8e2320ef0, 0x000001b8e2323f10, 0x000001b8e231f6e0, 0x000001b8e23243e0,
0x000001b8e231ed40, 0x000001b8e231d530, 0x000001b8e231ded0, 0x000001b8e231e3a0,
0x000001b8e231e870, 0x000001b8e2f461f0, 0x000001b8e2f44510, 0x000001b8e2f449e0,
0x000001b8e2f47530, 0x000001b8e2f43b70, 0x000001b8e2f466c0, 0x000001b8e2f44040,
0x000001b8e2f46b90, 0x000001b8e2f44eb0, 0x000001b8e2f45380, 0x000001b8e2f47060,
0x000001b8e2f45d20, 0x000001b8e2f45850, 0x000001b8e4b4e740, 0x000001b8e4b4a8b0,
0x000001b8e4b4f0e0, 0x000001b8e4b4b720, 0x000001b8e4b4c590, 0x000001b8e4b490a0,
0x000001b8e4b49a40, 0x000001b8e4b4ca60, 0x000001b8e4b4f5b0, 0x000001b8e4b4e270,
0x000001b8e4b4fa80, 0x000001b8e4b4dda0, 0x000001b8e4b49570, 0x000001b8e4b4ff50,
0x000001b8e4b49f10, 0x000001b8e4b4a3e0, 0x000001b8e4b50420, 0x000001b8e4b4ad80,
0x000001b8e4b4ec10, 0x000001b8e4b4d400, 0x000001b8e4b508f0, 0x000001b8e4b4cf30,
0x000001b8e4b4b250, 0x000001b8e4b4bbf0, 0x000001b8e4b4d8d0, 0x000001b8e4b4c0c0,
0x000001b8e49698f0, 0x000001b8e496a760, 0x000001b8e496a290, 0x000001b8e496ac30,
0x000001b8e496fe00, 0x000001b8e496f930, 0x000001b8e49702d0, 0x000001b8e496b100,
0x000001b8e496baa0, 0x000001b8e49707a0, 0x000001b8e496eac0, 0x000001b8e4970c70,
0x000001b8e496e5f0, 0x000001b8e496b5d0, 0x000001b8e496bf70, 0x000001b8e496cde0,
0x000001b8e4971140, 0x000001b8e496c440, 0x000001b8e496d2b0, 0x000001b8e496ef90,
0x000001b8e4969dc0, 0x000001b8e496d780, 0x000001b8e496f460, 0x000001b8e496c910,
0x000001b8e496dc50, 0x000001b8e496e120, 0x000001b8e4abd680, 0x000001b8e4ab8e50,
0x000001b8e4abcce0, 0x000001b8e4abc340, 0x000001b8e4abb9a0, 0x000001b8e4ab8980,
0x000001b8e4abe4f0, 0x000001b8e4abe020, 0x000001b8e4ab97f0, 0x000001b8e4ab9320,
0x000001b8e4ab9cc0, 0x000001b8e4ac01d0, 0x000001b8e4abc810, 0x000001b8e4aba660,
0x000001b8e4abd1b0, 0x000001b8e4abbe70, 0x000001b8e4abfd00, 0x000001b8e4aba190,
0x000001b8e4abab30, 0x000001b8e4abb000, 0x000001b8e4abb4d0, 0x000001b8e4abdb50,
0x000001b8e4abe9c0, 0x000001b8e4abee90, 0x000001b8e4abf360, 0x000001b8e4abf830,
0x000001b8e4ae6600, 0x000001b8e4ae9af0, 0x000001b8e4ae4df0, 0x000001b8e4ae9620,
0x000001b8e4ae7470, 0x000001b8e4ae9fc0, 0x000001b8e4aea490, 0x000001b8e4ae5c60,
0x000001b8e4ae5790, 0x000001b8e4ae6ad0, 0x000001b8e4ae7940, 0x000001b8e4aea960,
0x000001b8e4ae7e10, 0x000001b8e4ae82e0, 0x000001b8e4ae6fa0, 0x000001b8e4ae87b0,
0x000001b8e4ae6130, 0x000001b8e4aeae30, 0x000001b8e4ae9150, 0x000001b8e4ae8c80,
0x000001b8e4ae52c0, 0x000001b8e4ae35e0, 0x000001b8e4ae3ab0, 0x000001b8e4ae3f80,
0x000001b8e4ae4450, 0x000001b8e4ae4920, 0x000001b8e4c16f10, 0x000001b8e4c18bf0,
0x000001b8e4c19590, 0x000001b8e4c1c5b0, 0x000001b8e4c173e0, 0x000001b8e4c1cf50,
0x000001b8e4c1e290, 0x000001b8e4c1b270, 0x000001b8e4c1a8d0, 0x000001b8e4c178b0,
0x000001b8e4c18250, 0x000001b8e4c1d420, 0x000001b8e4c19a60, 0x000001b8e4c1a400,
0x000001b8e4c1ada0, 0x000001b8e4c190c0, 0x000001b8e4c17d80, 0x000001b8e4c1e760,
0x000001b8e4c19f30, 0x000001b8e4c1d8f0, 0x000001b8e4c1ddc0, 0x000001b8e4c1b740,
0x000001b8e4c18720, 0x000001b8e4c1bc10, 0x000001b8e4c1c0e0, 0x000001b8e4c1ca80,
0x000001b8e4c732f0, 0x000001b8e4c6dc50, 0x000001b8e4c71610, 0x000001b8e4c6d780,
0x000001b8e4c70c70, 0x000001b8e4c6e5f0, 0x000001b8e4c6fe00, 0x000001b8e4c6e120,
0x000001b8e4c72e20, 0x000001b8e4c71140, 0x000001b8e4c737c0, 0x000001b8e4c707a0,
0x000001b8e4c6eac0, 0x000001b8e4c6bf70, 0x000001b8e4c6c440, 0x000001b8e4c6c910
}

Java Threads: ( => current thread )
  0x000001b8c4897a80 JavaThread "main" [_thread_blocked, id=26300, stack(0x0000003981c00000,0x0000003981d00000)]
  0x000001b8dfc3e290 JavaThread "Reference Handler" daemon [_thread_blocked, id=23236, stack(0x0000003982300000,0x0000003982400000)]
  0x000001b8ded430b0 JavaThread "Finalizer" daemon [_thread_blocked, id=2584, stack(0x0000003982400000,0x0000003982500000)]
  0x000001b8dfc26250 JavaThread "Signal Dispatcher" daemon [_thread_blocked, id=18392, stack(0x0000003982500000,0x0000003982600000)]
  0x000001b8dfc5b020 JavaThread "Attach Listener" daemon [_thread_blocked, id=18032, stack(0x0000003982600000,0x0000003982700000)]
  0x000001b8dfc5d8f0 JavaThread "Service Thread" daemon [_thread_blocked, id=6888, stack(0x0000003982700000,0x0000003982800000)]
  0x000001b8dfc5e2a0 JavaThread "Monitor Deflation Thread" daemon [_thread_blocked, id=17728, stack(0x0000003982800000,0x0000003982900000)]
  0x000001b8dfc5ef80 JavaThread "C2 CompilerThread0" daemon [_thread_blocked, id=4560, stack(0x0000003982900000,0x0000003982a00000)]
  0x000001b8dfc5fa20 JavaThread "C1 CompilerThread0" daemon [_thread_blocked, id=16272, stack(0x0000003982a00000,0x0000003982b00000)]
  0x000001b8dfc60410 JavaThread "Sweeper thread" daemon [_thread_blocked, id=9288, stack(0x0000003982b00000,0x0000003982c00000)]
  0x000001b8dfde6770 JavaThread "C1 CompilerThread1" daemon [_thread_blocked, id=18540, stack(0x0000003982c00000,0x0000003982d00000)]
  0x000001b8dfdee8e0 JavaThread "Common-Cleaner" daemon [_thread_blocked, id=9904, stack(0x0000003982d00000,0x0000003982e00000)]
  0x000001b8dfe1a020 JavaThread "Notification Thread" daemon [_thread_blocked, id=17444, stack(0x0000003982e00000,0x0000003982f00000)]
  0x000001b8e17c4660 JavaThread "Daemon health stats" [_thread_blocked, id=6316, stack(0x0000003983400000,0x0000003983500000)]
  0x000001b8e135c2c0 JavaThread "Incoming local TCP Connector on port 54716" [_thread_in_native, id=13256, stack(0x0000003983500000,0x0000003983600000)]
  0x000001b8e230a070 JavaThread "Daemon periodic checks" [_thread_blocked, id=19136, stack(0x0000003983600000,0x0000003983700000)]
  0x000001b8e12fa0e0 JavaThread "Daemon" [_thread_blocked, id=23112, stack(0x0000003983700000,0x0000003983800000)]
  0x000001b8e1313190 JavaThread "Handler for socket connection from /127.0.0.1:54716 to /127.0.0.1:54717" [_thread_in_native, id=16956, stack(0x0000003983800000,0x0000003983900000)]
  0x000001b8e22d5930 JavaThread "Cancel handler" [_thread_blocked, id=23812, stack(0x0000003983900000,0x0000003983a00000)]
  0x000001b8e23c6450 JavaThread "Daemon worker" [_thread_blocked, id=24204, stack(0x0000003983a00000,0x0000003983b00000)]
  0x000001b8e0cedca0 JavaThread "Asynchronous log dispatcher for DefaultDaemonConnection: socket connection from /127.0.0.1:54716 to /127.0.0.1:54717" [_thread_blocked, id=25048, stack(0x0000003983b00000,0x0000003983c00000)]
  0x000001b8e0ced300 JavaThread "Stdin handler" [_thread_blocked, id=9204, stack(0x0000003983c00000,0x0000003983d00000)]
  0x000001b8e0cee170 JavaThread "Daemon client event forwarder" [_thread_blocked, id=12036, stack(0x0000003983d00000,0x0000003983e00000)]
  0x000001b8e0cee640 JavaThread "Cache worker for journal cache (C:\Users\raihan\.gradle\caches\journal-1)" [_thread_blocked, id=17576, stack(0x0000003984800000,0x0000003984900000)]
  0x000001b8e0ceeb10 JavaThread "File lock request listener" [_thread_in_native, id=18624, stack(0x0000003984900000,0x0000003984a00000)]
  0x000001b8e0ced7d0 JavaThread "Cache worker for file hash cache (C:\Users\raihan\.gradle\caches\8.0\fileHashes)" [_thread_blocked, id=20240, stack(0x0000003984a00000,0x0000003984b00000)]
  0x000001b8e2321890 JavaThread "File watcher server" daemon [_thread_in_native, id=18528, stack(0x0000003984b00000,0x0000003984c00000)]
  0x000001b8e2320a20 JavaThread "File watcher consumer" daemon [_thread_blocked, id=8640, stack(0x0000003984c00000,0x0000003984d00000)]
  0x000001b8e2322230 JavaThread "Cache worker for checksums cache (D:\Jetpack-Compose\BizCard App\.gradle\8.0\checksums)" [_thread_blocked, id=17396, stack(0x0000003984d00000,0x0000003984e00000)]
  0x000001b8e2320550 JavaThread "Cache worker for cache directory md-rule (C:\Users\raihan\.gradle\caches\8.0\md-rule)" [_thread_blocked, id=19516, stack(0x0000003984e00000,0x0000003984f00000)]
  0x000001b8e2322700 JavaThread "Cache worker for file content cache (C:\Users\raihan\.gradle\caches\8.0\fileContent)" [_thread_blocked, id=8120, stack(0x0000003984f00000,0x0000003985000000)]
  0x000001b8e23213c0 JavaThread "Cache worker for file hash cache (D:\Jetpack-Compose\BizCard App\.gradle\8.0\fileHashes)" [_thread_blocked, id=18384, stack(0x0000003985000000,0x0000003985100000)]
  0x000001b8e2320080 JavaThread "Cache worker for cache directory md-supplier (C:\Users\raihan\.gradle\caches\8.0\md-supplier)" [_thread_blocked, id=19824, stack(0x0000003985100000,0x0000003985200000)]
  0x000001b8e23248b0 JavaThread "Cache worker for execution history cache (C:\Users\raihan\.gradle\caches\8.0\executionHistory)" [_thread_blocked, id=9760, stack(0x0000003985200000,0x0000003985300000)]
  0x000001b8e23230a0 JavaThread "jar transforms" [_thread_blocked, id=15672, stack(0x0000003985300000,0x0000003985400000)]
  0x000001b8e2323a40 JavaThread "jar transforms Thread 2" [_thread_blocked, id=17024, stack(0x0000003985400000,0x0000003985500000)]
  0x000001b8e2320ef0 JavaThread "Cache worker for kotlin-dsl (C:\Users\raihan\.gradle\caches\8.0\kotlin-dsl)" [_thread_blocked, id=25304, stack(0x0000003985500000,0x0000003985600000)]
  0x000001b8e2323f10 JavaThread "jar transforms Thread 3" [_thread_blocked, id=19076, stack(0x0000003985600000,0x0000003985700000)]
  0x000001b8e231f6e0 JavaThread "jar transforms Thread 4" [_thread_blocked, id=16304, stack(0x0000003985700000,0x0000003985800000)]
  0x000001b8e23243e0 JavaThread "Cache worker for dependencies-accessors (D:\Jetpack-Compose\BizCard App\.gradle\8.0\dependencies-accessors)" [_thread_blocked, id=24816, stack(0x0000003985800000,0x0000003985900000)]
  0x000001b8e231ed40 JavaThread "Cache worker for Build Output Cleanup Cache (D:\Jetpack-Compose\BizCard App\.gradle\buildOutputCleanup)" [_thread_blocked, id=19088, stack(0x0000003985900000,0x0000003985a00000)]
  0x000001b8e231d530 JavaThread "jar transforms Thread 5" [_thread_blocked, id=25588, stack(0x0000003985a00000,0x0000003985b00000)]
  0x000001b8e231ded0 JavaThread "Unconstrained build operations" [_thread_blocked, id=21808, stack(0x0000003985b00000,0x0000003985c00000)]
  0x000001b8e231e3a0 JavaThread "Unconstrained build operations Thread 2" [_thread_blocked, id=25084, stack(0x0000003985c00000,0x0000003985d00000)]
  0x000001b8e231e870 JavaThread "Unconstrained build operations Thread 3" [_thread_blocked, id=22668, stack(0x0000003985d00000,0x0000003985e00000)]
  0x000001b8e2f461f0 JavaThread "Unconstrained build operations Thread 4" [_thread_blocked, id=8056, stack(0x0000003985e00000,0x0000003985f00000)]
  0x000001b8e2f44510 JavaThread "Unconstrained build operations Thread 5" [_thread_blocked, id=25656, stack(0x0000003985f00000,0x0000003986000000)]
  0x000001b8e2f449e0 JavaThread "Unconstrained build operations Thread 6" [_thread_blocked, id=15212, stack(0x0000003986000000,0x0000003986100000)]
  0x000001b8e2f47530 JavaThread "Unconstrained build operations Thread 7" [_thread_blocked, id=14844, stack(0x0000003986100000,0x0000003986200000)]
  0x000001b8e2f43b70 JavaThread "Unconstrained build operations Thread 8" [_thread_blocked, id=26344, stack(0x0000003986200000,0x0000003986300000)]
  0x000001b8e2f466c0 JavaThread "Unconstrained build operations Thread 9" [_thread_blocked, id=20144, stack(0x0000003986300000,0x0000003986400000)]
  0x000001b8e2f44040 JavaThread "Unconstrained build operations Thread 10" [_thread_blocked, id=23292, stack(0x0000003986400000,0x0000003986500000)]
  0x000001b8e2f46b90 JavaThread "Unconstrained build operations Thread 11" [_thread_blocked, id=15780, stack(0x0000003986500000,0x0000003986600000)]
  0x000001b8e2f44eb0 JavaThread "Unconstrained build operations Thread 12" [_thread_blocked, id=17460, stack(0x0000003986600000,0x0000003986700000)]
  0x000001b8e2f45380 JavaThread "Unconstrained build operations Thread 13" [_thread_blocked, id=16756, stack(0x0000003986700000,0x0000003986800000)]
  0x000001b8e2f47060 JavaThread "Unconstrained build operations Thread 14" [_thread_blocked, id=25780, stack(0x0000003986800000,0x0000003986900000)]
  0x000001b8e2f45d20 JavaThread "Unconstrained build operations Thread 15" [_thread_blocked, id=25944, stack(0x0000003986900000,0x0000003986a00000)]
  0x000001b8e2f45850 JavaThread "Unconstrained build operations Thread 16" [_thread_blocked, id=14976, stack(0x0000003986a00000,0x0000003986b00000)]
  0x000001b8e4b4e740 JavaThread "Unconstrained build operations Thread 17" [_thread_blocked, id=26052, stack(0x0000003986b00000,0x0000003986c00000)]
  0x000001b8e4b4a8b0 JavaThread "Unconstrained build operations Thread 18" [_thread_blocked, id=15316, stack(0x0000003986c00000,0x0000003986d00000)]
  0x000001b8e4b4f0e0 JavaThread "Unconstrained build operations Thread 19" [_thread_blocked, id=26524, stack(0x0000003986d00000,0x0000003986e00000)]
  0x000001b8e4b4b720 JavaThread "Unconstrained build operations Thread 20" [_thread_blocked, id=12740, stack(0x0000003986e00000,0x0000003986f00000)]
  0x000001b8e4b4c590 JavaThread "Unconstrained build operations Thread 21" [_thread_blocked, id=24124, stack(0x0000003986f00000,0x0000003987000000)]
  0x000001b8e4b490a0 JavaThread "Unconstrained build operations Thread 22" [_thread_blocked, id=26040, stack(0x0000003987000000,0x0000003987100000)]
  0x000001b8e4b49a40 JavaThread "Unconstrained build operations Thread 23" [_thread_blocked, id=25888, stack(0x0000003987100000,0x0000003987200000)]
  0x000001b8e4b4ca60 JavaThread "Unconstrained build operations Thread 24" [_thread_blocked, id=17864, stack(0x0000003987200000,0x0000003987300000)]
  0x000001b8e4b4f5b0 JavaThread "Unconstrained build operations Thread 25" [_thread_blocked, id=23676, stack(0x0000003987300000,0x0000003987400000)]
  0x000001b8e4b4e270 JavaThread "Unconstrained build operations Thread 26" [_thread_blocked, id=23668, stack(0x0000003987400000,0x0000003987500000)]
  0x000001b8e4b4fa80 JavaThread "Unconstrained build operations Thread 27" [_thread_blocked, id=3248, stack(0x0000003987500000,0x0000003987600000)]
  0x000001b8e4b4dda0 JavaThread "Unconstrained build operations Thread 28" [_thread_blocked, id=26236, stack(0x0000003987600000,0x0000003987700000)]
  0x000001b8e4b49570 JavaThread "Unconstrained build operations Thread 29" [_thread_blocked, id=1544, stack(0x0000003987700000,0x0000003987800000)]
  0x000001b8e4b4ff50 JavaThread "Unconstrained build operations Thread 30" [_thread_blocked, id=10368, stack(0x0000003987800000,0x0000003987900000)]
  0x000001b8e4b49f10 JavaThread "Unconstrained build operations Thread 31" [_thread_blocked, id=23964, stack(0x0000003987900000,0x0000003987a00000)]
  0x000001b8e4b4a3e0 JavaThread "Unconstrained build operations Thread 32" [_thread_blocked, id=20548, stack(0x0000003987a00000,0x0000003987b00000)]
  0x000001b8e4b50420 JavaThread "Unconstrained build operations Thread 33" [_thread_blocked, id=2840, stack(0x0000003987b00000,0x0000003987c00000)]
  0x000001b8e4b4ad80 JavaThread "Unconstrained build operations Thread 34" [_thread_blocked, id=16224, stack(0x0000003987c00000,0x0000003987d00000)]
  0x000001b8e4b4ec10 JavaThread "Unconstrained build operations Thread 35" [_thread_blocked, id=16776, stack(0x0000003987d00000,0x0000003987e00000)]
  0x000001b8e4b4d400 JavaThread "Unconstrained build operations Thread 36" [_thread_blocked, id=2568, stack(0x0000003987e00000,0x0000003987f00000)]
  0x000001b8e4b508f0 JavaThread "Unconstrained build operations Thread 37" [_thread_blocked, id=17384, stack(0x0000003987f00000,0x0000003988000000)]
  0x000001b8e4b4cf30 JavaThread "Unconstrained build operations Thread 38" [_thread_blocked, id=23008, stack(0x0000003988000000,0x0000003988100000)]
  0x000001b8e4b4b250 JavaThread "Unconstrained build operations Thread 39" [_thread_blocked, id=25112, stack(0x0000003988100000,0x0000003988200000)]
  0x000001b8e4b4bbf0 JavaThread "Unconstrained build operations Thread 40" [_thread_blocked, id=12664, stack(0x0000003988200000,0x0000003988300000)]
  0x000001b8e4b4d8d0 JavaThread "Unconstrained build operations Thread 41" [_thread_blocked, id=8900, stack(0x0000003988300000,0x0000003988400000)]
  0x000001b8e4b4c0c0 JavaThread "Unconstrained build operations Thread 42" [_thread_blocked, id=22928, stack(0x0000003988400000,0x0000003988500000)]
  0x000001b8e49698f0 JavaThread "Unconstrained build operations Thread 43" [_thread_blocked, id=24920, stack(0x0000003988500000,0x0000003988600000)]
  0x000001b8e496a760 JavaThread "Unconstrained build operations Thread 44" [_thread_blocked, id=20112, stack(0x0000003988600000,0x0000003988700000)]
  0x000001b8e496a290 JavaThread "Unconstrained build operations Thread 45" [_thread_blocked, id=5460, stack(0x0000003988700000,0x0000003988800000)]
  0x000001b8e496ac30 JavaThread "Unconstrained build operations Thread 46" [_thread_blocked, id=22864, stack(0x0000003988800000,0x0000003988900000)]
  0x000001b8e496fe00 JavaThread "Unconstrained build operations Thread 47" [_thread_blocked, id=4132, stack(0x0000003988900000,0x0000003988a00000)]
  0x000001b8e496f930 JavaThread "Unconstrained build operations Thread 48" [_thread_blocked, id=24144, stack(0x0000003988a00000,0x0000003988b00000)]
  0x000001b8e49702d0 JavaThread "Unconstrained build operations Thread 49" [_thread_blocked, id=23588, stack(0x0000003988b00000,0x0000003988c00000)]
  0x000001b8e496b100 JavaThread "Unconstrained build operations Thread 50" [_thread_blocked, id=26060, stack(0x0000003988c00000,0x0000003988d00000)]
  0x000001b8e496baa0 JavaThread "Unconstrained build operations Thread 51" [_thread_blocked, id=6080, stack(0x0000003988d00000,0x0000003988e00000)]
  0x000001b8e49707a0 JavaThread "Unconstrained build operations Thread 52" [_thread_blocked, id=16964, stack(0x0000003988e00000,0x0000003988f00000)]
  0x000001b8e496eac0 JavaThread "Unconstrained build operations Thread 53" [_thread_blocked, id=23956, stack(0x0000003988f00000,0x0000003989000000)]
  0x000001b8e4970c70 JavaThread "Unconstrained build operations Thread 54" [_thread_blocked, id=17788, stack(0x0000003989000000,0x0000003989100000)]
  0x000001b8e496e5f0 JavaThread "Unconstrained build operations Thread 55" [_thread_blocked, id=24840, stack(0x0000003989100000,0x0000003989200000)]
  0x000001b8e496b5d0 JavaThread "Unconstrained build operations Thread 56" [_thread_blocked, id=2272, stack(0x0000003989200000,0x0000003989300000)]
  0x000001b8e496bf70 JavaThread "Unconstrained build operations Thread 57" [_thread_blocked, id=25636, stack(0x0000003989300000,0x0000003989400000)]
  0x000001b8e496cde0 JavaThread "Unconstrained build operations Thread 58" [_thread_blocked, id=18360, stack(0x0000003989400000,0x0000003989500000)]
  0x000001b8e4971140 JavaThread "Unconstrained build operations Thread 59" [_thread_blocked, id=25688, stack(0x0000003989500000,0x0000003989600000)]
  0x000001b8e496c440 JavaThread "Unconstrained build operations Thread 60" [_thread_blocked, id=22752, stack(0x0000003989600000,0x0000003989700000)]
  0x000001b8e496d2b0 JavaThread "Unconstrained build operations Thread 61" [_thread_blocked, id=8200, stack(0x0000003989700000,0x0000003989800000)]
  0x000001b8e496ef90 JavaThread "Unconstrained build operations Thread 62" [_thread_blocked, id=25744, stack(0x0000003989800000,0x0000003989900000)]
  0x000001b8e4969dc0 JavaThread "Unconstrained build operations Thread 63" [_thread_blocked, id=22768, stack(0x0000003989900000,0x0000003989a00000)]
  0x000001b8e496d780 JavaThread "Unconstrained build operations Thread 64" [_thread_blocked, id=20176, stack(0x0000003989a00000,0x0000003989b00000)]
  0x000001b8e496f460 JavaThread "Unconstrained build operations Thread 65" [_thread_blocked, id=25356, stack(0x0000003989b00000,0x0000003989c00000)]
  0x000001b8e496c910 JavaThread "Unconstrained build operations Thread 66" [_thread_blocked, id=19364, stack(0x0000003989c00000,0x0000003989d00000)]
  0x000001b8e496dc50 JavaThread "Unconstrained build operations Thread 67" [_thread_blocked, id=14236, stack(0x0000003989d00000,0x0000003989e00000)]
  0x000001b8e496e120 JavaThread "Unconstrained build operations Thread 68" [_thread_blocked, id=14220, stack(0x0000003989e00000,0x0000003989f00000)]
  0x000001b8e4abd680 JavaThread "Unconstrained build operations Thread 69" [_thread_blocked, id=8440, stack(0x0000003989f00000,0x000000398a000000)]
  0x000001b8e4ab8e50 JavaThread "Unconstrained build operations Thread 70" [_thread_blocked, id=5980, stack(0x000000398a000000,0x000000398a100000)]
  0x000001b8e4abcce0 JavaThread "Unconstrained build operations Thread 71" [_thread_blocked, id=26368, stack(0x000000398a100000,0x000000398a200000)]
  0x000001b8e4abc340 JavaThread "Unconstrained build operations Thread 72" [_thread_blocked, id=820, stack(0x000000398a200000,0x000000398a300000)]
  0x000001b8e4abb9a0 JavaThread "Unconstrained build operations Thread 73" [_thread_blocked, id=5336, stack(0x000000398a300000,0x000000398a400000)]
  0x000001b8e4ab8980 JavaThread "Unconstrained build operations Thread 74" [_thread_blocked, id=19404, stack(0x000000398a400000,0x000000398a500000)]
  0x000001b8e4abe4f0 JavaThread "Unconstrained build operations Thread 75" [_thread_blocked, id=1548, stack(0x000000398a500000,0x000000398a600000)]
  0x000001b8e4abe020 JavaThread "Unconstrained build operations Thread 76" [_thread_blocked, id=15424, stack(0x000000398a600000,0x000000398a700000)]
  0x000001b8e4ab97f0 JavaThread "Unconstrained build operations Thread 77" [_thread_blocked, id=15420, stack(0x000000398a700000,0x000000398a800000)]
  0x000001b8e4ab9320 JavaThread "Unconstrained build operations Thread 78" [_thread_blocked, id=22924, stack(0x000000398a800000,0x000000398a900000)]
  0x000001b8e4ab9cc0 JavaThread "Unconstrained build operations Thread 79" [_thread_blocked, id=1276, stack(0x000000398a900000,0x000000398aa00000)]
  0x000001b8e4ac01d0 JavaThread "Unconstrained build operations Thread 80" [_thread_blocked, id=10056, stack(0x000000398aa00000,0x000000398ab00000)]
  0x000001b8e4abc810 JavaThread "Unconstrained build operations Thread 81" [_thread_blocked, id=1744, stack(0x000000398ab00000,0x000000398ac00000)]
  0x000001b8e4aba660 JavaThread "Unconstrained build operations Thread 82" [_thread_blocked, id=10484, stack(0x000000398ac00000,0x000000398ad00000)]
  0x000001b8e4abd1b0 JavaThread "Unconstrained build operations Thread 83" [_thread_blocked, id=24092, stack(0x000000398ad00000,0x000000398ae00000)]
  0x000001b8e4abbe70 JavaThread "Unconstrained build operations Thread 84" [_thread_blocked, id=19120, stack(0x000000398ae00000,0x000000398af00000)]
  0x000001b8e4abfd00 JavaThread "Unconstrained build operations Thread 85" [_thread_blocked, id=18764, stack(0x000000398af00000,0x000000398b000000)]
  0x000001b8e4aba190 JavaThread "Unconstrained build operations Thread 86" [_thread_blocked, id=14548, stack(0x000000398b000000,0x000000398b100000)]
  0x000001b8e4abab30 JavaThread "Unconstrained build operations Thread 87" [_thread_blocked, id=11172, stack(0x000000398b100000,0x000000398b200000)]
  0x000001b8e4abb000 JavaThread "Unconstrained build operations Thread 88" [_thread_blocked, id=9256, stack(0x000000398b200000,0x000000398b300000)]
  0x000001b8e4abb4d0 JavaThread "Unconstrained build operations Thread 89" [_thread_blocked, id=25844, stack(0x000000398b300000,0x000000398b400000)]
  0x000001b8e4abdb50 JavaThread "Unconstrained build operations Thread 90" [_thread_blocked, id=25204, stack(0x000000398b400000,0x000000398b500000)]
  0x000001b8e4abe9c0 JavaThread "Unconstrained build operations Thread 91" [_thread_blocked, id=12548, stack(0x000000398b500000,0x000000398b600000)]
  0x000001b8e4abee90 JavaThread "Unconstrained build operations Thread 92" [_thread_blocked, id=16188, stack(0x000000398b600000,0x000000398b700000)]
  0x000001b8e4abf360 JavaThread "Unconstrained build operations Thread 93" [_thread_blocked, id=20904, stack(0x000000398b700000,0x000000398b800000)]
  0x000001b8e4abf830 JavaThread "Unconstrained build operations Thread 94" [_thread_blocked, id=1256, stack(0x000000398b800000,0x000000398b900000)]
  0x000001b8e4ae6600 JavaThread "Unconstrained build operations Thread 95" [_thread_blocked, id=19620, stack(0x000000398b900000,0x000000398ba00000)]
  0x000001b8e4ae9af0 JavaThread "Unconstrained build operations Thread 96" [_thread_blocked, id=13952, stack(0x000000398ba00000,0x000000398bb00000)]
  0x000001b8e4ae4df0 JavaThread "Unconstrained build operations Thread 97" [_thread_blocked, id=26204, stack(0x000000398bb00000,0x000000398bc00000)]
  0x000001b8e4ae9620 JavaThread "Unconstrained build operations Thread 98" [_thread_blocked, id=22284, stack(0x000000398bc00000,0x000000398bd00000)]
  0x000001b8e4ae7470 JavaThread "Unconstrained build operations Thread 99" [_thread_blocked, id=6632, stack(0x000000398bd00000,0x000000398be00000)]
  0x000001b8e4ae9fc0 JavaThread "Unconstrained build operations Thread 100" [_thread_blocked, id=14376, stack(0x000000398be00000,0x000000398bf00000)]
  0x000001b8e4aea490 JavaThread "Unconstrained build operations Thread 101" [_thread_blocked, id=16476, stack(0x000000398bf00000,0x000000398c000000)]
  0x000001b8e4ae5c60 JavaThread "Unconstrained build operations Thread 102" [_thread_blocked, id=15160, stack(0x000000398c000000,0x000000398c100000)]
  0x000001b8e4ae5790 JavaThread "Unconstrained build operations Thread 103" [_thread_blocked, id=18412, stack(0x000000398c100000,0x000000398c200000)]
  0x000001b8e4ae6ad0 JavaThread "Unconstrained build operations Thread 104" [_thread_blocked, id=13864, stack(0x000000398c200000,0x000000398c300000)]
  0x000001b8e4ae7940 JavaThread "Unconstrained build operations Thread 105" [_thread_blocked, id=6964, stack(0x000000398c300000,0x000000398c400000)]
  0x000001b8e4aea960 JavaThread "Unconstrained build operations Thread 106" [_thread_blocked, id=21844, stack(0x000000398c400000,0x000000398c500000)]
  0x000001b8e4ae7e10 JavaThread "Unconstrained build operations Thread 107" [_thread_blocked, id=13464, stack(0x000000398c500000,0x000000398c600000)]
  0x000001b8e4ae82e0 JavaThread "Unconstrained build operations Thread 108" [_thread_blocked, id=19848, stack(0x000000398c600000,0x000000398c700000)]
  0x000001b8e4ae6fa0 JavaThread "Unconstrained build operations Thread 109" [_thread_blocked, id=17360, stack(0x000000398c700000,0x000000398c800000)]
  0x000001b8e4ae87b0 JavaThread "Unconstrained build operations Thread 110" [_thread_blocked, id=25980, stack(0x000000398c800000,0x000000398c900000)]
  0x000001b8e4ae6130 JavaThread "Unconstrained build operations Thread 111" [_thread_blocked, id=16556, stack(0x000000398c900000,0x000000398ca00000)]
  0x000001b8e4aeae30 JavaThread "Unconstrained build operations Thread 112" [_thread_blocked, id=16520, stack(0x000000398ca00000,0x000000398cb00000)]
  0x000001b8e4ae9150 JavaThread "Unconstrained build operations Thread 113" [_thread_blocked, id=5008, stack(0x000000398cb00000,0x000000398cc00000)]
  0x000001b8e4ae8c80 JavaThread "Unconstrained build operations Thread 114" [_thread_blocked, id=26248, stack(0x000000398cc00000,0x000000398cd00000)]
  0x000001b8e4ae52c0 JavaThread "Unconstrained build operations Thread 115" [_thread_blocked, id=23320, stack(0x000000398cd00000,0x000000398ce00000)]
  0x000001b8e4ae35e0 JavaThread "Unconstrained build operations Thread 116" [_thread_blocked, id=14980, stack(0x000000398ce00000,0x000000398cf00000)]
  0x000001b8e4ae3ab0 JavaThread "Unconstrained build operations Thread 117" [_thread_blocked, id=24500, stack(0x000000398cf00000,0x000000398d000000)]
  0x000001b8e4ae3f80 JavaThread "Unconstrained build operations Thread 118" [_thread_blocked, id=22572, stack(0x000000398d000000,0x000000398d100000)]
  0x000001b8e4ae4450 JavaThread "Unconstrained build operations Thread 119" [_thread_blocked, id=17692, stack(0x000000398d100000,0x000000398d200000)]
  0x000001b8e4ae4920 JavaThread "Unconstrained build operations Thread 120" [_thread_blocked, id=12476, stack(0x000000398d200000,0x000000398d300000)]
  0x000001b8e4c16f10 JavaThread "Unconstrained build operations Thread 121" [_thread_blocked, id=24748, stack(0x000000398d300000,0x000000398d400000)]
  0x000001b8e4c18bf0 JavaThread "Unconstrained build operations Thread 122" [_thread_blocked, id=16472, stack(0x000000398d400000,0x000000398d500000)]
  0x000001b8e4c19590 JavaThread "Unconstrained build operations Thread 123" [_thread_blocked, id=12216, stack(0x000000398d500000,0x000000398d600000)]
  0x000001b8e4c1c5b0 JavaThread "Unconstrained build operations Thread 124" [_thread_blocked, id=18864, stack(0x000000398d600000,0x000000398d700000)]
  0x000001b8e4c173e0 JavaThread "Unconstrained build operations Thread 125" [_thread_blocked, id=26116, stack(0x000000398d700000,0x000000398d800000)]
  0x000001b8e4c1cf50 JavaThread "Unconstrained build operations Thread 126" [_thread_blocked, id=24080, stack(0x000000398d800000,0x000000398d900000)]
  0x000001b8e4c1e290 JavaThread "Unconstrained build operations Thread 127" [_thread_blocked, id=25280, stack(0x000000398d900000,0x000000398da00000)]
  0x000001b8e4c1b270 JavaThread "Unconstrained build operations Thread 128" [_thread_blocked, id=26548, stack(0x000000398da00000,0x000000398db00000)]
  0x000001b8e4c1a8d0 JavaThread "Unconstrained build operations Thread 129" [_thread_blocked, id=26296, stack(0x000000398db00000,0x000000398dc00000)]
  0x000001b8e4c178b0 JavaThread "Unconstrained build operations Thread 130" [_thread_blocked, id=18572, stack(0x000000398dc00000,0x000000398dd00000)]
  0x000001b8e4c18250 JavaThread "Unconstrained build operations Thread 131" [_thread_blocked, id=25128, stack(0x000000398dd00000,0x000000398de00000)]
  0x000001b8e4c1d420 JavaThread "Unconstrained build operations Thread 132" [_thread_blocked, id=15288, stack(0x000000398de00000,0x000000398df00000)]
  0x000001b8e4c19a60 JavaThread "Unconstrained build operations Thread 133" [_thread_blocked, id=9472, stack(0x000000398df00000,0x000000398e000000)]
  0x000001b8e4c1a400 JavaThread "Unconstrained build operations Thread 134" [_thread_blocked, id=25964, stack(0x000000398e000000,0x000000398e100000)]
  0x000001b8e4c1ada0 JavaThread "Unconstrained build operations Thread 135" [_thread_blocked, id=26140, stack(0x000000398e100000,0x000000398e200000)]
  0x000001b8e4c190c0 JavaThread "Unconstrained build operations Thread 136" [_thread_blocked, id=9568, stack(0x000000398e200000,0x000000398e300000)]
  0x000001b8e4c17d80 JavaThread "Unconstrained build operations Thread 137" [_thread_blocked, id=24968, stack(0x000000398e300000,0x000000398e400000)]
  0x000001b8e4c1e760 JavaThread "Unconstrained build operations Thread 138" [_thread_blocked, id=22224, stack(0x000000398e400000,0x000000398e500000)]
  0x000001b8e4c19f30 JavaThread "Unconstrained build operations Thread 139" [_thread_blocked, id=5908, stack(0x000000398e500000,0x000000398e600000)]
  0x000001b8e4c1d8f0 JavaThread "Unconstrained build operations Thread 140" [_thread_blocked, id=17484, stack(0x000000398e600000,0x000000398e700000)]
  0x000001b8e4c1ddc0 JavaThread "Unconstrained build operations Thread 141" [_thread_blocked, id=19196, stack(0x000000398e700000,0x000000398e800000)]
  0x000001b8e4c1b740 JavaThread "Unconstrained build operations Thread 142" [_thread_blocked, id=22732, stack(0x000000398e800000,0x000000398e900000)]
  0x000001b8e4c18720 JavaThread "Unconstrained build operations Thread 143" [_thread_blocked, id=19264, stack(0x000000398e900000,0x000000398ea00000)]
  0x000001b8e4c1bc10 JavaThread "Unconstrained build operations Thread 144" [_thread_blocked, id=19808, stack(0x000000398ea00000,0x000000398eb00000)]
  0x000001b8e4c1c0e0 JavaThread "Unconstrained build operations Thread 145" [_thread_blocked, id=14528, stack(0x000000398eb00000,0x000000398ec00000)]
  0x000001b8e4c1ca80 JavaThread "Unconstrained build operations Thread 146" [_thread_blocked, id=1476, stack(0x000000398ec00000,0x000000398ed00000)]
  0x000001b8e4c732f0 JavaThread "Unconstrained build operations Thread 147" [_thread_blocked, id=15208, stack(0x000000398ed00000,0x000000398ee00000)]
  0x000001b8e4c6dc50 JavaThread "Unconstrained build operations Thread 148" [_thread_blocked, id=9796, stack(0x000000398ee00000,0x000000398ef00000)]
  0x000001b8e4c71610 JavaThread "Unconstrained build operations Thread 149" [_thread_blocked, id=24476, stack(0x000000398ef00000,0x000000398f000000)]
  0x000001b8e4c6d780 JavaThread "jar transforms Thread 6" [_thread_blocked, id=5976, stack(0x000000398f000000,0x000000398f100000)]
  0x000001b8e4c70c70 JavaThread "jar transforms Thread 7" [_thread_blocked, id=25428, stack(0x000000398f100000,0x000000398f200000)]
  0x000001b8e4c6e5f0 JavaThread "jar transforms Thread 8" [_thread_blocked, id=16828, stack(0x000000398f200000,0x000000398f300000)]
  0x000001b8e4c6fe00 JavaThread "jar transforms Thread 9" [_thread_blocked, id=24516, stack(0x000000398f300000,0x000000398f400000)]
  0x000001b8e4c6e120 JavaThread "jar transforms Thread 10" [_thread_blocked, id=2716, stack(0x000000398f400000,0x000000398f500000)]
  0x000001b8e4c72e20 JavaThread "jar transforms Thread 11" [_thread_blocked, id=11176, stack(0x000000398f500000,0x000000398f600000)]
  0x000001b8e4c71140 JavaThread "jar transforms Thread 12" [_thread_blocked, id=19152, stack(0x000000398f600000,0x000000398f700000)]
  0x000001b8e4c737c0 JavaThread "jar transforms Thread 13" [_thread_blocked, id=26228, stack(0x000000398f700000,0x000000398f800000)]
  0x000001b8e4c707a0 JavaThread "jar transforms Thread 14" [_thread_blocked, id=17592, stack(0x000000398f800000,0x000000398f900000)]
  0x000001b8e4c6eac0 JavaThread "jar transforms Thread 15" [_thread_blocked, id=14828, stack(0x000000398f900000,0x000000398fa00000)]
  0x000001b8e4c6bf70 JavaThread "jar transforms Thread 16" [_thread_blocked, id=8464, stack(0x000000398fa00000,0x000000398fb00000)]
  0x000001b8e4c6c440 JavaThread "build event listener" [_thread_blocked, id=23240, stack(0x000000398fb00000,0x000000398fc00000)]
  0x000001b8e4c6c910 JavaThread "Memory manager" [_thread_blocked, id=348, stack(0x000000398fc00000,0x000000398fd00000)]

Other Threads:
=>0x000001b8ded42cb0 VMThread "VM Thread" [stack: 0x0000003982200000,0x0000003982300000] [id=9440]
  0x000001b8dfe1d510 WatcherThread [stack: 0x0000003982f00000,0x0000003983000000] [id=22368]
  0x000001b8c48f2ad0 GCTaskThread "GC Thread#0" [stack: 0x0000003981d00000,0x0000003981e00000] [id=25372]
  0x000001b8e0af06a0 GCTaskThread "GC Thread#1" [stack: 0x0000003983000000,0x0000003983100000] [id=22220]
  0x000001b8e0d2cbc0 GCTaskThread "GC Thread#2" [stack: 0x0000003983100000,0x0000003983200000] [id=24772]
  0x000001b8e0b28250 GCTaskThread "GC Thread#3" [stack: 0x0000003983200000,0x0000003983300000] [id=25360]
  0x000001b8e1122240 GCTaskThread "GC Thread#4" [stack: 0x0000003983300000,0x0000003983400000] [id=25680]
  0x000001b8e234f550 GCTaskThread "GC Thread#5" [stack: 0x0000003983e00000,0x0000003983f00000] [id=13580]
  0x000001b8e2364250 GCTaskThread "GC Thread#6" [stack: 0x0000003983f00000,0x0000003984000000] [id=5984]
  0x000001b8e209ad40 GCTaskThread "GC Thread#7" [stack: 0x0000003984000000,0x0000003984100000] [id=21004]
  0x000001b8e209aff0 GCTaskThread "GC Thread#8" [stack: 0x0000003984100000,0x0000003984200000] [id=21992]
  0x000001b8e23af820 GCTaskThread "GC Thread#9" [stack: 0x0000003984200000,0x0000003984300000] [id=9844]
  0x000001b8e23afee0 GCTaskThread "GC Thread#10" [stack: 0x0000003984300000,0x0000003984400000] [id=17800]
  0x000001b8e23b09a0 GCTaskThread "GC Thread#11" [stack: 0x0000003984400000,0x0000003984500000] [id=17884]
  0x000001b8e23b0c50 GCTaskThread "GC Thread#12" [stack: 0x0000003984500000,0x0000003984600000] [id=17712]
  0x000001b8c49041b0 ConcurrentGCThread "G1 Main Marker" [stack: 0x0000003981e00000,0x0000003981f00000] [id=23808]
  0x000001b8c4905bd0 ConcurrentGCThread "G1 Conc#0" [stack: 0x0000003981f00000,0x0000003982000000] [id=25320]
  0x000001b8e1766580 ConcurrentGCThread "G1 Conc#1" [stack: 0x0000003984600000,0x0000003984700000] [id=20224]
  0x000001b8e1766020 ConcurrentGCThread "G1 Conc#2" [stack: 0x0000003984700000,0x0000003984800000] [id=16848]
  0x000001b8debb4380 ConcurrentGCThread "G1 Refine#0" [stack: 0x0000003982000000,0x0000003982100000] [id=14272]
  0x000001b8debb4cb0 ConcurrentGCThread "G1 Service" [stack: 0x0000003982100000,0x0000003982200000] [id=8176]

Threads with active compile tasks:
C2 CompilerThread0    15432 10362       4       groovy.lang.MetaClassImpl$1MOPIter::methodNameAction (325 bytes)

VM state: at safepoint (normal execution)

VM Mutex/Monitor currently owned by a thread:  ([mutex/lock_event])
[0x000001b8c4892010] Threads_lock - owner thread: 0x000001b8ded42cb0
[0x000001b8c48921c0] Heap_lock - owner thread: 0x000001b8e23c6450

Heap address: 0x0000000080000000, size: 2048 MB, Compressed Oops mode: 32-bit

CDS archive(s) not mapped
Compressed class space mapped at: 0x0000000100000000-0x0000000140000000, reserved size: 1073741824
Narrow klass base: 0x0000000000000000, Narrow klass shift: 3, Narrow klass range: 0x140000000

GC Precious Log:
 CPUs: 16 total, 16 available
 Memory: 7598M
 Large Page Support: Disabled
 NUMA Support: Disabled
 Compressed Oops: Enabled (32-bit)
 Heap Region Size: 1M
 Heap Min Capacity: 8M
 Heap Initial Capacity: 120M
 Heap Max Capacity: 2G
 Pre-touch: Disabled
 Parallel Workers: 13
 Concurrent Workers: 3
 Concurrent Refinement Workers: 13
 Periodic GC: Disabled

Heap:
 garbage-first heap   total 141312K, used 84739K [0x0000000080000000, 0x0000000100000000)
  region size 1024K, 1 young (1024K), 1 survivors (1024K)
 Metaspace       used 93578K, committed 94208K, reserved 1130496K
  class space    used 12724K, committed 13056K, reserved 1048576K

Heap Regions: E=young(eden), S=young(survivor), O=old, HS=humongous(starts), HC=humongous(continues), CS=collection set, F=free, OA=open archive, CA=closed archive, TAMS=top-at-mark-start (previous, next)
|   0|0x0000000080000000, 0x0000000080100000, 0x0000000080100000|100%|HS|  |TAMS 0x0000000080100000, 0x0000000080000000| Complete 
|   1|0x0000000080100000, 0x0000000080200000, 0x0000000080200000|100%|HC|  |TAMS 0x0000000080200000, 0x0000000080100000| Complete 
|   2|0x0000000080200000, 0x0000000080300000, 0x0000000080300000|100%|HC|  |TAMS 0x0000000080300000, 0x0000000080200000| Complete 
|   3|0x0000000080300000, 0x0000000080400000, 0x0000000080400000|100%|HC|  |TAMS 0x0000000080400000, 0x0000000080300000| Complete 
|   4|0x0000000080400000, 0x0000000080500000, 0x0000000080500000|100%| O|  |TAMS 0x0000000080500000, 0x0000000080400000| Untracked 
|   5|0x0000000080500000, 0x0000000080600000, 0x0000000080600000|100%| O|  |TAMS 0x0000000080600000, 0x0000000080500000| Untracked 
|   6|0x0000000080600000, 0x0000000080700000, 0x0000000080700000|100%| O|  |TAMS 0x0000000080700000, 0x0000000080600000| Untracked 
|   7|0x0000000080700000, 0x0000000080800000, 0x0000000080800000|100%| O|  |TAMS 0x0000000080800000, 0x0000000080700000| Untracked 
|   8|0x0000000080800000, 0x0000000080900000, 0x0000000080900000|100%| O|  |TAMS 0x0000000080900000, 0x0000000080800000| Untracked 
|   9|0x0000000080900000, 0x0000000080a00000, 0x0000000080a00000|100%| O|  |TAMS 0x0000000080a00000, 0x0000000080900000| Untracked 
|  10|0x0000000080a00000, 0x0000000080b00000, 0x0000000080b00000|100%| O|  |TAMS 0x0000000080b00000, 0x0000000080a00000| Untracked 
|  11|0x0000000080b00000, 0x0000000080c00000, 0x0000000080c00000|100%| O|  |TAMS 0x0000000080c00000, 0x0000000080b00000| Untracked 
|  12|0x0000000080c00000, 0x0000000080d00000, 0x0000000080d00000|100%| O|  |TAMS 0x0000000080d00000, 0x0000000080c00000| Untracked 
|  13|0x0000000080d00000, 0x0000000080e00000, 0x0000000080e00000|100%| O|  |TAMS 0x0000000080e00000, 0x0000000080d00000| Untracked 
|  14|0x0000000080e00000, 0x0000000080f00000, 0x0000000080f00000|100%| O|  |TAMS 0x0000000080f00000, 0x0000000080e00000| Untracked 
|  15|0x0000000080f00000, 0x0000000081000000, 0x0000000081000000|100%| O|  |TAMS 0x0000000081000000, 0x0000000080f00000| Untracked 
|  16|0x0000000081000000, 0x0000000081100000, 0x0000000081100000|100%| O|  |TAMS 0x0000000081100000, 0x0000000081000000| Untracked 
|  17|0x0000000081100000, 0x0000000081200000, 0x0000000081200000|100%| O|  |TAMS 0x0000000081200000, 0x0000000081100000| Untracked 
|  18|0x0000000081200000, 0x0000000081300000, 0x0000000081300000|100%| O|  |TAMS 0x0000000081300000, 0x0000000081200000| Untracked 
|  19|0x0000000081300000, 0x0000000081400000, 0x0000000081400000|100%| O|  |TAMS 0x0000000081400000, 0x0000000081300000| Untracked 
|  20|0x0000000081400000, 0x0000000081400000, 0x0000000081500000|  0%| F|  |TAMS 0x0000000081400000, 0x0000000081400000| Untracked 
|  21|0x0000000081500000, 0x0000000081600000, 0x0000000081600000|100%| O|  |TAMS 0x0000000081600000, 0x0000000081500000| Untracked 
|  22|0x0000000081600000, 0x0000000081700000, 0x0000000081700000|100%| O|  |TAMS 0x0000000081700000, 0x0000000081600000| Untracked 
|  23|0x0000000081700000, 0x0000000081800000, 0x0000000081800000|100%| O|  |TAMS 0x0000000081800000, 0x0000000081700000| Untracked 
|  24|0x0000000081800000, 0x0000000081900000, 0x0000000081900000|100%| O|  |TAMS 0x0000000081900000, 0x0000000081800000| Untracked 
|  25|0x0000000081900000, 0x0000000081a00000, 0x0000000081a00000|100%| O|  |TAMS 0x0000000081a00000, 0x0000000081900000| Untracked 
|  26|0x0000000081a00000, 0x0000000081b00000, 0x0000000081b00000|100%| O|  |TAMS 0x0000000081b00000, 0x0000000081a00000| Untracked 
|  27|0x0000000081b00000, 0x0000000081c00000, 0x0000000081c00000|100%| O|  |TAMS 0x0000000081c00000, 0x0000000081b00000| Untracked 
|  28|0x0000000081c00000, 0x0000000081d00000, 0x0000000081d00000|100%| O|  |TAMS 0x0000000081d00000, 0x0000000081c00000| Untracked 
|  29|0x0000000081d00000, 0x0000000081e00000, 0x0000000081e00000|100%| O|  |TAMS 0x0000000081e00000, 0x0000000081d00000| Untracked 
|  30|0x0000000081e00000, 0x0000000081f00000, 0x0000000081f00000|100%| O|  |TAMS 0x0000000081f00000, 0x0000000081e00000| Untracked 
|  31|0x0000000081f00000, 0x0000000082000000, 0x0000000082000000|100%|HS|  |TAMS 0x0000000082000000, 0x0000000081f00000| Complete 
|  32|0x0000000082000000, 0x0000000082100000, 0x0000000082100000|100%|HS|  |TAMS 0x0000000082100000, 0x0000000082000000| Complete 
|  33|0x0000000082100000, 0x0000000082200000, 0x0000000082200000|100%|HS|  |TAMS 0x0000000082200000, 0x0000000082100000| Complete 
|  34|0x0000000082200000, 0x0000000082300000, 0x0000000082300000|100%|HC|  |TAMS 0x0000000082300000, 0x0000000082200000| Complete 
|  35|0x0000000082300000, 0x0000000082400000, 0x0000000082400000|100%|HS|  |TAMS 0x0000000082400000, 0x0000000082300000| Complete 
|  36|0x0000000082400000, 0x0000000082500000, 0x0000000082500000|100%| O|  |TAMS 0x0000000082500000, 0x0000000082400000| Untracked 
|  37|0x0000000082500000, 0x0000000082600000, 0x0000000082600000|100%| O|  |TAMS 0x0000000082600000, 0x0000000082500000| Untracked 
|  38|0x0000000082600000, 0x0000000082700000, 0x0000000082700000|100%| O|  |TAMS 0x0000000082700000, 0x0000000082600000| Untracked 
|  39|0x0000000082700000, 0x0000000082800000, 0x0000000082800000|100%| O|  |TAMS 0x0000000082800000, 0x0000000082700000| Untracked 
|  40|0x0000000082800000, 0x0000000082900000, 0x0000000082900000|100%|HS|  |TAMS 0x0000000082900000, 0x0000000082800000| Complete 
|  41|0x0000000082900000, 0x0000000082a00000, 0x0000000082a00000|100%|HC|  |TAMS 0x0000000082a00000, 0x0000000082900000| Complete 
|  42|0x0000000082a00000, 0x0000000082b00000, 0x0000000082b00000|100%|HC|  |TAMS 0x0000000082b00000, 0x0000000082a00000| Complete 
|  43|0x0000000082b00000, 0x0000000082c00000, 0x0000000082c00000|100%|HC|  |TAMS 0x0000000082c00000, 0x0000000082b00000| Complete 
|  44|0x0000000082c00000, 0x0000000082d00000, 0x0000000082d00000|100%| O|  |TAMS 0x0000000082d00000, 0x0000000082c00000| Untracked 
|  45|0x0000000082d00000, 0x0000000082e00000, 0x0000000082e00000|100%| O|  |TAMS 0x0000000082e00000, 0x0000000082d00000| Untracked 
|  46|0x0000000082e00000, 0x0000000082f00000, 0x0000000082f00000|100%| O|  |TAMS 0x0000000082f00000, 0x0000000082e00000| Untracked 
|  47|0x0000000082f00000, 0x0000000083000000, 0x0000000083000000|100%| O|  |TAMS 0x0000000083000000, 0x0000000082f00000| Untracked 
|  48|0x0000000083000000, 0x0000000083100000, 0x0000000083100000|100%| O|  |TAMS 0x0000000083100000, 0x0000000083000000| Untracked 
|  49|0x0000000083100000, 0x0000000083200000, 0x0000000083200000|100%| O|  |TAMS 0x0000000083200000, 0x0000000083100000| Untracked 
|  50|0x0000000083200000, 0x0000000083300000, 0x0000000083300000|100%| O|  |TAMS 0x0000000083300000, 0x0000000083200000| Untracked 
|  51|0x0000000083300000, 0x0000000083400000, 0x0000000083400000|100%| O|  |TAMS 0x0000000083400000, 0x0000000083300000| Untracked 
|  52|0x0000000083400000, 0x0000000083500000, 0x0000000083500000|100%| O|  |TAMS 0x0000000083500000, 0x0000000083400000| Untracked 
|  53|0x0000000083500000, 0x0000000083600000, 0x0000000083600000|100%| O|  |TAMS 0x0000000083600000, 0x0000000083500000| Untracked 
|  54|0x0000000083600000, 0x0000000083700000, 0x0000000083700000|100%| O|  |TAMS 0x0000000083700000, 0x0000000083600000| Untracked 
|  55|0x0000000083700000, 0x0000000083800000, 0x0000000083800000|100%| O|  |TAMS 0x0000000083800000, 0x0000000083700000| Untracked 
|  56|0x0000000083800000, 0x0000000083900000, 0x0000000083900000|100%| O|  |TAMS 0x0000000083900000, 0x0000000083800000| Untracked 
|  57|0x0000000083900000, 0x0000000083a00000, 0x0000000083a00000|100%| O|  |TAMS 0x0000000083a00000, 0x0000000083900000| Untracked 
|  58|0x0000000083a00000, 0x0000000083b00000, 0x0000000083b00000|100%| O|  |TAMS 0x0000000083b00000, 0x0000000083a00000| Untracked 
|  59|0x0000000083b00000, 0x0000000083c00000, 0x0000000083c00000|100%| O|  |TAMS 0x0000000083c00000, 0x0000000083b00000| Untracked 
|  60|0x0000000083c00000, 0x0000000083d00000, 0x0000000083d00000|100%| O|  |TAMS 0x0000000083d00000, 0x0000000083c00000| Untracked 
|  61|0x0000000083d00000, 0x0000000083e00000, 0x0000000083e00000|100%| O|  |TAMS 0x0000000083e00000, 0x0000000083d00000| Untracked 
|  62|0x0000000083e00000, 0x0000000083f00000, 0x0000000083f00000|100%| O|  |TAMS 0x0000000083f00000, 0x0000000083e00000| Untracked 
|  63|0x0000000083f00000, 0x0000000084000000, 0x0000000084000000|100%| O|  |TAMS 0x0000000084000000, 0x0000000083f00000| Untracked 
|  64|0x0000000084000000, 0x0000000084100000, 0x0000000084100000|100%| O|  |TAMS 0x0000000084100000, 0x0000000084000000| Untracked 
|  65|0x0000000084100000, 0x0000000084200000, 0x0000000084200000|100%| O|  |TAMS 0x0000000084200000, 0x0000000084100000| Untracked 
|  66|0x0000000084200000, 0x0000000084300000, 0x0000000084300000|100%| O|  |TAMS 0x0000000084300000, 0x0000000084200000| Untracked 
|  67|0x0000000084300000, 0x0000000084400000, 0x0000000084400000|100%| O|  |TAMS 0x0000000084400000, 0x0000000084300000| Untracked 
|  68|0x0000000084400000, 0x0000000084500000, 0x0000000084500000|100%| O|  |TAMS 0x0000000084500000, 0x0000000084400000| Untracked 
|  69|0x0000000084500000, 0x0000000084600000, 0x0000000084600000|100%| O|  |TAMS 0x0000000084600000, 0x0000000084500000| Untracked 
|  70|0x0000000084600000, 0x0000000084700000, 0x0000000084700000|100%| O|  |TAMS 0x0000000084644a00, 0x0000000084600000| Untracked 
|  71|0x0000000084700000, 0x0000000084800000, 0x0000000084800000|100%| O|  |TAMS 0x0000000084700000, 0x0000000084700000| Untracked 
|  72|0x0000000084800000, 0x0000000084900000, 0x0000000084900000|100%| O|  |TAMS 0x0000000084800000, 0x0000000084800000| Untracked 
|  73|0x0000000084900000, 0x0000000084a00000, 0x0000000084a00000|100%| O|  |TAMS 0x0000000084900000, 0x0000000084900000| Untracked 
|  74|0x0000000084a00000, 0x0000000084b00000, 0x0000000084b00000|100%| O|  |TAMS 0x0000000084a00000, 0x0000000084a00000| Untracked 
|  75|0x0000000084b00000, 0x0000000084c00000, 0x0000000084c00000|100%| O|  |TAMS 0x0000000084b00000, 0x0000000084b00000| Untracked 
|  76|0x0000000084c00000, 0x0000000084d00000, 0x0000000084d00000|100%| O|  |TAMS 0x0000000084c00000, 0x0000000084c00000| Untracked 
|  77|0x0000000084d00000, 0x0000000084e00000, 0x0000000084e00000|100%| O|  |TAMS 0x0000000084d00000, 0x0000000084d00000| Untracked 
|  78|0x0000000084e00000, 0x0000000084f00000, 0x0000000084f00000|100%| O|  |TAMS 0x0000000084e00000, 0x0000000084e00000| Untracked 
|  79|0x0000000084f00000, 0x0000000085000000, 0x0000000085000000|100%| O|  |TAMS 0x0000000084f00000, 0x0000000084f00000| Untracked 
|  80|0x0000000085000000, 0x0000000085100000, 0x0000000085100000|100%| O|  |TAMS 0x0000000085000000, 0x0000000085000000| Untracked 
|  81|0x0000000085100000, 0x0000000085200000, 0x0000000085200000|100%| O|  |TAMS 0x0000000085100000, 0x0000000085100000| Untracked 
|  82|0x0000000085200000, 0x00000000852dc400, 0x0000000085300000| 86%| O|  |TAMS 0x0000000085200000, 0x0000000085200000| Untracked 
|  83|0x0000000085300000, 0x0000000085300000, 0x0000000085400000|  0%| F|  |TAMS 0x0000000085300000, 0x0000000085300000| Untracked 
|  84|0x0000000085400000, 0x0000000085400000, 0x0000000085500000|  0%| F|  |TAMS 0x0000000085400000, 0x0000000085400000| Untracked 
|  85|0x0000000085500000, 0x0000000085500000, 0x0000000085600000|  0%| F|  |TAMS 0x0000000085500000, 0x0000000085500000| Untracked 
|  86|0x0000000085600000, 0x0000000085600000, 0x0000000085700000|  0%| F|  |TAMS 0x0000000085600000, 0x0000000085600000| Untracked 
|  87|0x0000000085700000, 0x0000000085700000, 0x0000000085800000|  0%| F|  |TAMS 0x0000000085700000, 0x0000000085700000| Untracked 
|  88|0x0000000085800000, 0x0000000085800000, 0x0000000085900000|  0%| F|  |TAMS 0x0000000085800000, 0x0000000085800000| Untracked 
|  89|0x0000000085900000, 0x0000000085900000, 0x0000000085a00000|  0%| F|  |TAMS 0x0000000085900000, 0x0000000085900000| Untracked 
|  90|0x0000000085a00000, 0x0000000085a00000, 0x0000000085b00000|  0%| F|  |TAMS 0x0000000085a00000, 0x0000000085a00000| Untracked 
|  91|0x0000000085b00000, 0x0000000085b00000, 0x0000000085c00000|  0%| F|  |TAMS 0x0000000085b00000, 0x0000000085b00000| Untracked 
|  92|0x0000000085c00000, 0x0000000085c00000, 0x0000000085d00000|  0%| F|  |TAMS 0x0000000085c00000, 0x0000000085c00000| Untracked 
|  93|0x0000000085d00000, 0x0000000085d00000, 0x0000000085e00000|  0%| F|  |TAMS 0x0000000085d00000, 0x0000000085d00000| Untracked 
|  94|0x0000000085e00000, 0x0000000085e00000, 0x0000000085f00000|  0%| F|  |TAMS 0x0000000085e00000, 0x0000000085e00000| Untracked 
|  95|0x0000000085f00000, 0x0000000085f00000, 0x0000000086000000|  0%| F|  |TAMS 0x0000000085f00000, 0x0000000085f00000| Untracked 
|  96|0x0000000086000000, 0x0000000086000000, 0x0000000086100000|  0%| F|  |TAMS 0x0000000086000000, 0x0000000086000000| Untracked 
|  97|0x0000000086100000, 0x0000000086100000, 0x0000000086200000|  0%| F|  |TAMS 0x0000000086100000, 0x0000000086100000| Untracked 
|  98|0x0000000086200000, 0x0000000086200000, 0x0000000086300000|  0%| F|  |TAMS 0x0000000086200000, 0x0000000086200000| Untracked 
|  99|0x0000000086300000, 0x0000000086300000, 0x0000000086400000|  0%| F|  |TAMS 0x0000000086300000, 0x0000000086300000| Untracked 
| 100|0x0000000086400000, 0x0000000086400000, 0x0000000086500000|  0%| F|  |TAMS 0x0000000086400000, 0x0000000086400000| Untracked 
| 101|0x0000000086500000, 0x0000000086500000, 0x0000000086600000|  0%| F|  |TAMS 0x0000000086500000, 0x0000000086500000| Untracked 
| 102|0x0000000086600000, 0x0000000086600000, 0x0000000086700000|  0%| F|  |TAMS 0x0000000086600000, 0x0000000086600000| Untracked 
| 103|0x0000000086700000, 0x0000000086700000, 0x0000000086800000|  0%| F|  |TAMS 0x0000000086700000, 0x0000000086700000| Untracked 
| 104|0x0000000086800000, 0x0000000086800000, 0x0000000086900000|  0%| F|  |TAMS 0x0000000086800000, 0x0000000086800000| Untracked 
| 105|0x0000000086900000, 0x0000000086900000, 0x0000000086a00000|  0%| F|  |TAMS 0x0000000086900000, 0x0000000086900000| Untracked 
| 106|0x0000000086a00000, 0x0000000086a00000, 0x0000000086b00000|  0%| F|  |TAMS 0x0000000086a00000, 0x0000000086a00000| Untracked 
| 107|0x0000000086b00000, 0x0000000086b00000, 0x0000000086c00000|  0%| F|  |TAMS 0x0000000086b00000, 0x0000000086b00000| Untracked 
| 108|0x0000000086c00000, 0x0000000086c00000, 0x0000000086d00000|  0%| F|  |TAMS 0x0000000086c00000, 0x0000000086c00000| Untracked 
| 109|0x0000000086d00000, 0x0000000086d00000, 0x0000000086e00000|  0%| F|  |TAMS 0x0000000086d00000, 0x0000000086d00000| Untracked 
| 110|0x0000000086e00000, 0x0000000086e00000, 0x0000000086f00000|  0%| F|  |TAMS 0x0000000086e00000, 0x0000000086e00000| Untracked 
| 111|0x0000000086f00000, 0x0000000086f00000, 0x0000000087000000|  0%| F|  |TAMS 0x0000000086f00000, 0x0000000086f00000| Untracked 
| 112|0x0000000087000000, 0x0000000087000000, 0x0000000087100000|  0%| F|  |TAMS 0x0000000087000000, 0x0000000087000000| Untracked 
| 113|0x0000000087100000, 0x0000000087100000, 0x0000000087200000|  0%| F|  |TAMS 0x0000000087100000, 0x0000000087100000| Untracked 
| 114|0x0000000087200000, 0x0000000087200000, 0x0000000087300000|  0%| F|  |TAMS 0x0000000087200000, 0x0000000087200000| Untracked 
| 115|0x0000000087300000, 0x0000000087300000, 0x0000000087400000|  0%| F|  |TAMS 0x0000000087300000, 0x0000000087300000| Untracked 
| 116|0x0000000087400000, 0x0000000087400000, 0x0000000087500000|  0%| F|  |TAMS 0x0000000087400000, 0x0000000087400000| Untracked 
| 117|0x0000000087500000, 0x0000000087500000, 0x0000000087600000|  0%| F|  |TAMS 0x0000000087500000, 0x0000000087500000| Untracked 
| 118|0x0000000087600000, 0x0000000087600000, 0x0000000087700000|  0%| F|  |TAMS 0x0000000087600000, 0x0000000087600000| Untracked 
| 119|0x0000000087700000, 0x0000000087700000, 0x0000000087800000|  0%| F|  |TAMS 0x0000000087700000, 0x0000000087700000| Untracked 
| 120|0x0000000087800000, 0x0000000087800000, 0x0000000087900000|  0%| F|  |TAMS 0x0000000087800000, 0x0000000087800000| Untracked 
| 121|0x0000000087900000, 0x0000000087900000, 0x0000000087a00000|  0%| F|  |TAMS 0x0000000087900000, 0x0000000087900000| Untracked 
| 122|0x0000000087a00000, 0x0000000087a00000, 0x0000000087b00000|  0%| F|  |TAMS 0x0000000087a00000, 0x0000000087a00000| Untracked 
| 123|0x0000000087b00000, 0x0000000087b00000, 0x0000000087c00000|  0%| F|  |TAMS 0x0000000087b00000, 0x0000000087b00000| Untracked 
| 124|0x0000000087c00000, 0x0000000087c00000, 0x0000000087d00000|  0%| F|  |TAMS 0x0000000087c00000, 0x0000000087c00000| Untracked 
| 125|0x0000000087d00000, 0x0000000087d00000, 0x0000000087e00000|  0%| F|  |TAMS 0x0000000087d00000, 0x0000000087d00000| Untracked 
| 126|0x0000000087e00000, 0x0000000087e00000, 0x0000000087f00000|  0%| F|  |TAMS 0x0000000087e00000, 0x0000000087e00000| Untracked 
| 127|0x0000000087f00000, 0x0000000087f00000, 0x0000000088000000|  0%| F|  |TAMS 0x0000000087f00000, 0x0000000087f00000| Untracked 
| 128|0x0000000088000000, 0x0000000088000000, 0x0000000088100000|  0%| F|  |TAMS 0x0000000088000000, 0x0000000088000000| Untracked 
| 129|0x0000000088100000, 0x0000000088100000, 0x0000000088200000|  0%| F|  |TAMS 0x0000000088100000, 0x0000000088100000| Untracked 
| 130|0x0000000088200000, 0x0000000088200000, 0x0000000088300000|  0%| F|  |TAMS 0x0000000088200000, 0x0000000088200000| Untracked 
| 131|0x0000000088300000, 0x0000000088300000, 0x0000000088400000|  0%| F|  |TAMS 0x0000000088300000, 0x0000000088300000| Untracked 
| 132|0x0000000088400000, 0x0000000088400000, 0x0000000088500000|  0%| F|  |TAMS 0x0000000088400000, 0x0000000088400000| Untracked 
| 133|0x0000000088500000, 0x0000000088500000, 0x0000000088600000|  0%| F|  |TAMS 0x0000000088500000, 0x0000000088500000| Untracked 
| 134|0x0000000088600000, 0x0000000088600000, 0x0000000088700000|  0%| F|  |TAMS 0x0000000088600000, 0x0000000088600000| Untracked 
| 135|0x0000000088700000, 0x0000000088700000, 0x0000000088800000|  0%| F|  |TAMS 0x0000000088700000, 0x0000000088700000| Untracked 
| 136|0x0000000088800000, 0x00000000888e4ae0, 0x0000000088900000| 89%| S|CS|TAMS 0x0000000088800000, 0x0000000088800000| Complete 
| 137|0x0000000088900000, 0x0000000088900000, 0x0000000088a00000|  0%| F|  |TAMS 0x0000000088900000, 0x0000000088900000| Untracked 

Card table byte_map: [0x000001b8d79f0000,0x000001b8d7df0000] _byte_map_base: 0x000001b8d75f0000

Marking Bits (Prev, Next): (CMBitMap*) 0x000001b8c48f30e0, (CMBitMap*) 0x000001b8c48f3120
 Prev Bits: [0x000001b8d81f0000, 0x000001b8da1f0000)
 Next Bits: [0x000001b8da1f0000, 0x000001b8dc1f0000)

Polling page: 0x000001b8c4060000

Metaspace:

Usage:
  Non-class:     78.96 MB used.
      Class:     12.43 MB used.
       Both:     91.39 MB used.

Virtual space:
  Non-class space:       80.00 MB reserved,      79.25 MB (>99%) committed,  10 nodes.
      Class space:        1.00 GB reserved,      12.75 MB (  1%) committed,  1 nodes.
             Both:        1.08 GB reserved,      92.00 MB (  8%) committed. 

Chunk freelists:
   Non-Class:  452.00 KB
       Class:  3.23 MB
        Both:  3.67 MB

MaxMetaspaceSize: unlimited
CompressedClassSpaceSize: 1.00 GB
Initial GC threshold: 21.00 MB
Current GC threshold: 152.31 MB
CDS: off
MetaspaceReclaimPolicy: balanced
 - commit_granule_bytes: 65536.
 - commit_granule_words: 8192.
 - virtual_space_node_default_size: 1048576.
 - enlarge_chunks_in_place: 1.
 - new_chunks_are_fully_committed: 0.
 - uncommit_free_chunks: 1.
 - use_allocation_guard: 0.
 - handle_deallocations: 1.


Internal statistics:

num_allocs_failed_limit: 6.
num_arena_births: 938.
num_arena_deaths: 0.
num_vsnodes_births: 11.
num_vsnodes_deaths: 0.
num_space_committed: 1472.
num_space_uncommitted: 0.
num_chunks_returned_to_freelist: 6.
num_chunks_taken_from_freelist: 4331.
num_chunk_merges: 6.
num_chunk_splits: 2895.
num_chunks_enlarged: 1994.
num_purges: 0.
num_inconsistent_stats: 0.

CodeHeap 'non-profiled nmethods': size=119168Kb used=3721Kb max_used=3721Kb free=115446Kb
 bounds [0x000001b8cf900000, 0x000001b8cfcb0000, 0x000001b8d6d60000]
CodeHeap 'profiled nmethods': size=119104Kb used=18506Kb max_used=18506Kb free=100597Kb
 bounds [0x000001b8c7d60000, 0x000001b8c8f80000, 0x000001b8cf1b0000]
CodeHeap 'non-nmethods': size=7488Kb used=2949Kb max_used=3009Kb free=4538Kb
 bounds [0x000001b8cf1b0000, 0x000001b8cf4b0000, 0x000001b8cf900000]
 total_blobs=10192 nmethods=9271 adapters=831
 compilation: enabled
              stopped_count=0, restarted_count=0
 full_count=0

Compilation events (20 events):
Event: 15.364 Thread 0x000001b8dfde6770 nmethod 10400 0x000001b8c8f6dd10 code [0x000001b8c8f6df20, 0x000001b8c8f6e6d8]
Event: 15.364 Thread 0x000001b8dfde6770 10399       2       java.util.stream.Nodes$SpinedNodeBuilder::copyInto (30 bytes)
Event: 15.364 Thread 0x000001b8dfc5fa20 nmethod 10398 0x000001b8c8f6e990 code [0x000001b8c8f6eb60, 0x000001b8c8f6ee28]
Event: 15.364 Thread 0x000001b8dfde6770 nmethod 10399 0x000001b8c89ab890 code [0x000001b8c89aba20, 0x000001b8c89abb48]
Event: 15.369 Thread 0x000001b8dfde6770 10401 %     3       groovy.lang.MetaClassImpl$MethodIndexAction::iterate @ 76 (119 bytes)
Event: 15.370 Thread 0x000001b8dfde6770 nmethod 10401% 0x000001b8c8f6f010 code [0x000001b8c8f6f240, 0x000001b8c8f6fdf8]
Event: 15.372 Thread 0x000001b8dfde6770 10402   !   2       jdk.proxy1.$Proxy59::annotationType (29 bytes)
Event: 15.372 Thread 0x000001b8dfde6770 nmethod 10402 0x000001b8c8f70210 code [0x000001b8c8f703c0, 0x000001b8c8f70638]
Event: 15.373 Thread 0x000001b8dfde6770 10403   !   2       jdk.proxy1.$Proxy79::annotationType (29 bytes)
Event: 15.374 Thread 0x000001b8dfde6770 nmethod 10403 0x000001b8c8f70790 code [0x000001b8c8f70940, 0x000001b8c8f70bb8]
Event: 15.376 Thread 0x000001b8dfde6770 10404       2       java.util.regex.Matcher::appendTail (19 bytes)
Event: 15.376 Thread 0x000001b8dfde6770 nmethod 10404 0x000001b8c8f70d10 code [0x000001b8c8f70ec0, 0x000001b8c8f71038]
Event: 15.380 Thread 0x000001b8dfc5fa20 10405 %     3       org.codehaus.groovy.runtime.metaclass.MetaMethodIndex::resize @ 20 (103 bytes)
Event: 15.380 Thread 0x000001b8dfc5fa20 nmethod 10405% 0x000001b8c8f71190 code [0x000001b8c8f71360, 0x000001b8c8f719f8]
Event: 15.384 Thread 0x000001b8dfc5fa20 10406       2       com.sun.beans.util.Cache$Kind$Soft::isStale (14 bytes)
Event: 15.384 Thread 0x000001b8dfc5fa20 nmethod 10406 0x000001b8c8f71c90 code [0x000001b8c8f71e20, 0x000001b8c8f71f48]
Event: 15.398 Thread 0x000001b8dfc5fa20 10407       2       java.util.Arrays$ArrayList::contains (14 bytes)
Event: 15.398 Thread 0x000001b8dfde6770 10408       2       java.util.Arrays$ArrayList::indexOf (62 bytes)
Event: 15.398 Thread 0x000001b8dfc5fa20 nmethod 10407 0x000001b8c8f72010 code [0x000001b8c8f721a0, 0x000001b8c8f722c8]
Event: 15.399 Thread 0x000001b8dfde6770 nmethod 10408 0x000001b8c8f72390 code [0x000001b8c8f72540, 0x000001b8c8f72808]

GC Heap History (20 events):
Event: 9.970 GC heap after
{Heap after GC invocations=24 (full 0):
 garbage-first heap   total 117760K, used 62135K [0x0000000080000000, 0x0000000100000000)
  region size 1024K, 4 young (4096K), 4 survivors (4096K)
 Metaspace       used 64243K, committed 64768K, reserved 1105920K
  class space    used 8516K, committed 8768K, reserved 1048576K
}
Event: 10.242 GC heap before
{Heap before GC invocations=25 (full 0):
 garbage-first heap   total 117760K, used 85687K [0x0000000080000000, 0x0000000100000000)
  region size 1024K, 25 young (25600K), 4 survivors (4096K)
 Metaspace       used 66222K, committed 66752K, reserved 1114112K
  class space    used 8781K, committed 9024K, reserved 1048576K
}
Event: 10.245 GC heap after
{Heap after GC invocations=26 (full 0):
 garbage-first heap   total 117760K, used 59427K [0x0000000080000000, 0x0000000100000000)
  region size 1024K, 2 young (2048K), 2 survivors (2048K)
 Metaspace       used 66222K, committed 66752K, reserved 1114112K
  class space    used 8781K, committed 9024K, reserved 1048576K
}
Event: 10.590 GC heap before
{Heap before GC invocations=26 (full 0):
 garbage-first heap   total 117760K, used 82979K [0x0000000080000000, 0x0000000100000000)
  region size 1024K, 26 young (26624K), 2 survivors (2048K)
 Metaspace       used 68814K, committed 69376K, reserved 1114112K
  class space    used 9092K, committed 9344K, reserved 1048576K
}
Event: 10.595 GC heap after
{Heap after GC invocations=27 (full 0):
 garbage-first heap   total 141312K, used 61271K [0x0000000080000000, 0x0000000100000000)
  region size 1024K, 4 young (4096K), 4 survivors (4096K)
 Metaspace       used 68814K, committed 69376K, reserved 1114112K
  class space    used 9092K, committed 9344K, reserved 1048576K
}
Event: 11.216 GC heap before
{Heap before GC invocations=28 (full 0):
 garbage-first heap   total 141312K, used 99159K [0x0000000080000000, 0x0000000100000000)
  region size 1024K, 41 young (41984K), 4 survivors (4096K)
 Metaspace       used 72840K, committed 73408K, reserved 1114112K
  class space    used 9660K, committed 9920K, reserved 1048576K
}
Event: 11.222 GC heap after
{Heap after GC invocations=29 (full 0):
 garbage-first heap   total 141312K, used 63544K [0x0000000080000000, 0x0000000100000000)
  region size 1024K, 5 young (5120K), 5 survivors (5120K)
 Metaspace       used 72840K, committed 73408K, reserved 1114112K
  class space    used 9660K, committed 9920K, reserved 1048576K
}
Event: 11.807 GC heap before
{Heap before GC invocations=29 (full 0):
 garbage-first heap   total 141312K, used 103480K [0x0000000080000000, 0x0000000100000000)
  region size 1024K, 44 young (45056K), 5 survivors (5120K)
 Metaspace       used 76016K, committed 76608K, reserved 1122304K
  class space    used 10049K, committed 10304K, reserved 1048576K
}
Event: 11.814 GC heap after
{Heap after GC invocations=30 (full 0):
 garbage-first heap   total 141312K, used 66551K [0x0000000080000000, 0x0000000100000000)
  region size 1024K, 6 young (6144K), 6 survivors (6144K)
 Metaspace       used 76016K, committed 76608K, reserved 1122304K
  class space    used 10049K, committed 10304K, reserved 1048576K
}
Event: 12.610 GC heap before
{Heap before GC invocations=30 (full 0):
 garbage-first heap   total 141312K, used 106487K [0x0000000080000000, 0x0000000100000000)
  region size 1024K, 45 young (46080K), 6 survivors (6144K)
 Metaspace       used 80689K, committed 81280K, reserved 1122304K
  class space    used 10882K, committed 11136K, reserved 1048576K
}
Event: 12.618 GC heap after
{Heap after GC invocations=31 (full 0):
 garbage-first heap   total 141312K, used 68696K [0x0000000080000000, 0x0000000100000000)
  region size 1024K, 6 young (6144K), 6 survivors (6144K)
 Metaspace       used 80689K, committed 81280K, reserved 1122304K
  class space    used 10882K, committed 11136K, reserved 1048576K
}
Event: 13.661 GC heap before
{Heap before GC invocations=31 (full 0):
 garbage-first heap   total 141312K, used 108632K [0x0000000080000000, 0x0000000100000000)
  region size 1024K, 45 young (46080K), 6 survivors (6144K)
 Metaspace       used 85047K, committed 85632K, reserved 1130496K
  class space    used 11512K, committed 11776K, reserved 1048576K
}
Event: 13.669 GC heap after
{Heap after GC invocations=32 (full 0):
 garbage-first heap   total 141312K, used 72068K [0x0000000080000000, 0x0000000100000000)
  region size 1024K, 6 young (6144K), 6 survivors (6144K)
 Metaspace       used 85047K, committed 85632K, reserved 1130496K
  class space    used 11512K, committed 11776K, reserved 1048576K
}
Event: 14.276 GC heap before
{Heap before GC invocations=33 (full 0):
 garbage-first heap   total 141312K, used 110980K [0x0000000080000000, 0x0000000100000000)
  region size 1024K, 44 young (45056K), 6 survivors (6144K)
 Metaspace       used 89062K, committed 89664K, reserved 1130496K
  class space    used 12137K, committed 12416K, reserved 1048576K
}
Event: 14.285 GC heap after
{Heap after GC invocations=34 (full 0):
 garbage-first heap   total 141312K, used 74561K [0x0000000080000000, 0x0000000100000000)
  region size 1024K, 3 young (3072K), 3 survivors (3072K)
 Metaspace       used 89062K, committed 89664K, reserved 1130496K
  class space    used 12137K, committed 12416K, reserved 1048576K
}
Event: 15.044 GC heap before
{Heap before GC invocations=34 (full 0):
 garbage-first heap   total 141312K, used 113473K [0x0000000080000000, 0x0000000100000000)
  region size 1024K, 41 young (41984K), 3 survivors (3072K)
 Metaspace       used 92850K, committed 93504K, reserved 1130496K
  class space    used 12630K, committed 12928K, reserved 1048576K
}
Event: 15.051 GC heap after
{Heap after GC invocations=35 (full 0):
 garbage-first heap   total 141312K, used 78863K [0x0000000080000000, 0x0000000100000000)
  region size 1024K, 6 young (6144K), 6 survivors (6144K)
 Metaspace       used 92850K, committed 93504K, reserved 1130496K
  class space    used 12630K, committed 12928K, reserved 1048576K
}
Event: 15.386 GC heap before
{Heap before GC invocations=36 (full 0):
 garbage-first heap   total 141312K, used 113679K [0x0000000080000000, 0x0000000100000000)
  region size 1024K, 40 young (40960K), 6 survivors (6144K)
 Metaspace       used 93577K, committed 94208K, reserved 1130496K
  class space    used 12724K, committed 13056K, reserved 1048576K
}
Event: 15.396 GC heap after
{Heap after GC invocations=37 (full 0):
 garbage-first heap   total 141312K, used 84073K [0x0000000080000000, 0x0000000100000000)
  region size 1024K, 5 young (5120K), 5 survivors (5120K)
 Metaspace       used 93577K, committed 94208K, reserved 1130496K
  class space    used 12724K, committed 13056K, reserved 1048576K
}
Event: 15.403 GC heap before
{Heap before GC invocations=37 (full 0):
 garbage-first heap   total 141312K, used 85097K [0x0000000080000000, 0x0000000100000000)
  region size 1024K, 6 young (6144K), 5 survivors (5120K)
 Metaspace       used 93578K, committed 94208K, reserved 1130496K
  class space    used 12724K, committed 13056K, reserved 1048576K
}

Dll operation events (2 events):
Event: 0.012 Loaded shared library C:\Program Files\Android\Android Studio\jbr\bin\java.dll
Event: 0.602 Loaded shared library C:\Program Files\Android\Android Studio\jbr\bin\verify.dll

Deoptimization events (20 events):
Event: 15.141 Thread 0x000001b8e23c6450 Uncommon trap: trap_request=0xffffffc6 fr.pc=0x000001b8cfa6da40 relative=0x0000000000000440
Event: 15.141 Thread 0x000001b8e23c6450 Uncommon trap: reason=bimorphic_or_optimized_type_check action=maybe_recompile pc=0x000001b8cfa6da40 method=java.util.Spliterators$IteratorSpliterator.tryAdvance(Ljava/util/function/Consumer;)Z @ 50 c2
Event: 15.141 Thread 0x000001b8e23c6450 DEOPT PACKING pc=0x000001b8cfa6da40 sp=0x0000003983afb2e0
Event: 15.141 Thread 0x000001b8e23c6450 DEOPT UNPACKING pc=0x000001b8cf2069a3 sp=0x0000003983afb280 mode 2
Event: 15.156 Thread 0x000001b8e23c6450 Uncommon trap: trap_request=0xffffff45 fr.pc=0x000001b8cfa2b83c relative=0x00000000000005fc
Event: 15.156 Thread 0x000001b8e23c6450 Uncommon trap: reason=unstable_if action=reinterpret pc=0x000001b8cfa2b83c method=java.util.HashMap$HashIterator.<init>(Ljava/util/HashMap;)V @ 45 c2
Event: 15.156 Thread 0x000001b8e23c6450 DEOPT PACKING pc=0x000001b8cfa2b83c sp=0x0000003983afbb60
Event: 15.156 Thread 0x000001b8e23c6450 DEOPT UNPACKING pc=0x000001b8cf2069a3 sp=0x0000003983afb9f0 mode 2
Event: 15.167 Thread 0x000001b8e23c6450 Uncommon trap: trap_request=0xffffffc6 fr.pc=0x000001b8cf92c0d8 relative=0x0000000000000ad8
Event: 15.167 Thread 0x000001b8e23c6450 Uncommon trap: reason=bimorphic_or_optimized_type_check action=maybe_recompile pc=0x000001b8cf92c0d8 method=org.codehaus.groovy.runtime.metaclass.MetaMethodIndex.isOverridden(Lgroovy/lang/MetaMethod;Lgroovy/lang/MetaMethod;)Z @ 37 c2
Event: 15.167 Thread 0x000001b8e23c6450 DEOPT PACKING pc=0x000001b8cf92c0d8 sp=0x0000003983af8970
Event: 15.167 Thread 0x000001b8e23c6450 DEOPT UNPACKING pc=0x000001b8cf2069a3 sp=0x0000003983af88c8 mode 2
Event: 15.168 Thread 0x000001b8e23c6450 Uncommon trap: trap_request=0xffffff45 fr.pc=0x000001b8cf92c86c relative=0x000000000000126c
Event: 15.168 Thread 0x000001b8e23c6450 Uncommon trap: reason=unstable_if action=reinterpret pc=0x000001b8cf92c86c method=org.codehaus.groovy.runtime.metaclass.MetaMethodIndex.isOverridden(Lgroovy/lang/MetaMethod;Lgroovy/lang/MetaMethod;)Z @ 33 c2
Event: 15.168 Thread 0x000001b8e23c6450 DEOPT PACKING pc=0x000001b8cf92c86c sp=0x0000003983af8970
Event: 15.168 Thread 0x000001b8e23c6450 DEOPT UNPACKING pc=0x000001b8cf2069a3 sp=0x0000003983af88c8 mode 2
Event: 15.248 Thread 0x000001b8e23c6450 Uncommon trap: trap_request=0xffffff45 fr.pc=0x000001b8cfb78dd4 relative=0x0000000000000ad4
Event: 15.248 Thread 0x000001b8e23c6450 Uncommon trap: reason=unstable_if action=reinterpret pc=0x000001b8cfb78dd4 method=java.lang.ClassLoader.loadClass(Ljava/lang/String;Z)Ljava/lang/Class; @ 29 c2
Event: 15.248 Thread 0x000001b8e23c6450 DEOPT PACKING pc=0x000001b8cfb78dd4 sp=0x0000003983af3800
Event: 15.248 Thread 0x000001b8e23c6450 DEOPT UNPACKING pc=0x000001b8cf2069a3 sp=0x0000003983af37c8 mode 2

Classes unloaded (0 events):
No events

Classes redefined (0 events):
No events

Internal exceptions (20 events):
Event: 15.346 Thread 0x000001b8e23c6450 Exception <a 'java/lang/ClassNotFoundException'{0x0000000086e4f208}: com/android/build/gradle/internal/res/LinkApplicationAndroidResourcesTaskCustomizer> (0x0000000086e4f208) 
thrown [s\src\hotspot\share\classfile\systemDictionary.cpp, line 256]
Event: 15.348 Thread 0x000001b8e23c6450 Exception <a 'java/lang/ClassNotFoundException'{0x0000000086eb2c28}: com/android/build/gradle/internal/res/LinkApplicationAndroidResourcesTask_DecoratedCustomizer> (0x0000000086eb2c28) 
thrown [s\src\hotspot\share\classfile\systemDictionary.cpp, line 256]
Event: 15.370 Thread 0x000001b8e23c6450 Exception <a 'java/lang/ClassNotFoundException'{0x0000000086a4fdf0}: org/jetbrains/kotlin/gradle/tasks/KotlinCompile_DecoratedBeanInfo> (0x0000000086a4fdf0) 
thrown [s\src\hotspot\share\classfile\systemDictionary.cpp, line 256]
Event: 15.370 Thread 0x000001b8e23c6450 Exception <a 'java/lang/ClassNotFoundException'{0x0000000086a5c340}: org/jetbrains/kotlin/gradle/tasks/KotlinCompileBeanInfo> (0x0000000086a5c340) 
thrown [s\src\hotspot\share\classfile\systemDictionary.cpp, line 256]
Event: 15.370 Thread 0x000001b8e23c6450 Exception <a 'java/lang/ClassNotFoundException'{0x0000000086a69720}: org/jetbrains/kotlin/gradle/tasks/AbstractKotlinCompileBeanInfo> (0x0000000086a69720) 
thrown [s\src\hotspot\share\classfile\systemDictionary.cpp, line 256]
Event: 15.371 Thread 0x000001b8e23c6450 Exception <a 'java/lang/ClassNotFoundException'{0x0000000086a76e20}: org/jetbrains/kotlin/gradle/tasks/AbstractKotlinCompileToolBeanInfo> (0x0000000086a76e20) 
thrown [s\src\hotspot\share\classfile\systemDictionary.cpp, line 256]
Event: 15.371 Thread 0x000001b8e23c6450 Exception <a 'java/lang/ClassNotFoundException'{0x0000000086a84ac8}: org/jetbrains/kotlin/gradle/tasks/AbstractKotlinCompileToolCustomizer> (0x0000000086a84ac8) 
thrown [s\src\hotspot\share\classfile\systemDictionary.cpp, line 256]
Event: 15.372 Thread 0x000001b8e23c6450 Exception <a 'java/lang/ClassNotFoundException'{0x0000000086ab9460}: org/jetbrains/kotlin/gradle/tasks/AbstractKotlinCompileCustomizer> (0x0000000086ab9460) 
thrown [s\src\hotspot\share\classfile\systemDictionary.cpp, line 256]
Event: 15.374 Thread 0x000001b8e23c6450 Exception <a 'java/lang/ClassNotFoundException'{0x0000000086901a88}: org/jetbrains/kotlin/gradle/tasks/KotlinCompileCustomizer> (0x0000000086901a88) 
thrown [s\src\hotspot\share\classfile\systemDictionary.cpp, line 256]
Event: 15.376 Thread 0x000001b8e23c6450 Exception <a 'java/lang/ClassNotFoundException'{0x0000000086965298}: org/jetbrains/kotlin/gradle/tasks/KotlinCompile_DecoratedCustomizer> (0x0000000086965298) 
thrown [s\src\hotspot\share\classfile\systemDictionary.cpp, line 256]
Event: 15.382 Thread 0x000001b8e23c6450 Exception <a 'java/lang/ClassNotFoundException'{0x0000000086858108}: com/android/build/gradle/tasks/JavaPreCompileTask_DecoratedBeanInfo> (0x0000000086858108) 
thrown [s\src\hotspot\share\classfile\systemDictionary.cpp, line 256]
Event: 15.382 Thread 0x000001b8e23c6450 Exception <a 'java/lang/ClassNotFoundException'{0x00000000868645a0}: com/android/build/gradle/tasks/JavaPreCompileTaskBeanInfo> (0x00000000868645a0) 
thrown [s\src\hotspot\share\classfile\systemDictionary.cpp, line 256]
Event: 15.382 Thread 0x000001b8e23c6450 Exception <a 'java/lang/ClassNotFoundException'{0x0000000086870770}: com/android/build/gradle/tasks/JavaPreCompileTaskCustomizer> (0x0000000086870770) 
thrown [s\src\hotspot\share\classfile\systemDictionary.cpp, line 256]
Event: 15.383 Thread 0x000001b8e23c6450 Exception <a 'java/lang/ClassNotFoundException'{0x0000000086891ad0}: com/android/build/gradle/tasks/JavaPreCompileTask_DecoratedCustomizer> (0x0000000086891ad0) 
thrown [s\src\hotspot\share\classfile\systemDictionary.cpp, line 256]
Event: 15.399 Thread 0x000001b8e23c6450 Exception <a 'java/lang/ClassNotFoundException'{0x00000000889734b8}: org/gradle/api/tasks/compile/JavaCompile_DecoratedBeanInfo> (0x00000000889734b8) 
thrown [s\src\hotspot\share\classfile\systemDictionary.cpp, line 256]
Event: 15.399 Thread 0x000001b8e23c6450 Exception <a 'java/lang/ClassNotFoundException'{0x00000000889815a8}: org/gradle/api/tasks/compile/JavaCompileBeanInfo> (0x00000000889815a8) 
thrown [s\src\hotspot\share\classfile\systemDictionary.cpp, line 256]
Event: 15.399 Thread 0x000001b8e23c6450 Exception <a 'java/lang/ClassNotFoundException'{0x0000000088990978}: org/gradle/api/tasks/compile/AbstractCompileBeanInfo> (0x0000000088990978) 
thrown [s\src\hotspot\share\classfile\systemDictionary.cpp, line 256]
Event: 15.400 Thread 0x000001b8e23c6450 Exception <a 'java/lang/ClassNotFoundException'{0x000000008899c7d8}: org/gradle/api/tasks/SourceTaskBeanInfo> (0x000000008899c7d8) 
thrown [s\src\hotspot\share\classfile\systemDictionary.cpp, line 256]
Event: 15.400 Thread 0x000001b8e23c6450 Exception <a 'java/lang/ClassNotFoundException'{0x00000000889a8c20}: org/gradle/api/tasks/SourceTaskCustomizer> (0x00000000889a8c20) 
thrown [s\src\hotspot\share\classfile\systemDictionary.cpp, line 256]
Event: 15.401 Thread 0x000001b8e23c6450 Exception <a 'java/lang/ClassNotFoundException'{0x00000000889dbbd0}: org/gradle/api/tasks/compile/AbstractCompileCustomizer> (0x00000000889dbbd0) 
thrown [s\src\hotspot\share\classfile\systemDictionary.cpp, line 256]

VM Operations (20 events):
Event: 14.638 Executing VM operation: ICBufferFull done
Event: 14.745 Executing VM operation: HandshakeAllThreads
Event: 14.745 Executing VM operation: HandshakeAllThreads done
Event: 14.751 Executing VM operation: HandshakeAllThreads
Event: 14.752 Executing VM operation: HandshakeAllThreads done
Event: 15.038 Executing VM operation: HandshakeAllThreads
Event: 15.039 Executing VM operation: HandshakeAllThreads done
Event: 15.043 Executing VM operation: G1CollectForAllocation
Event: 15.051 Executing VM operation: G1CollectForAllocation done
Event: 15.087 Executing VM operation: G1Concurrent
Event: 15.091 Executing VM operation: G1Concurrent done
Event: 15.105 Executing VM operation: G1Concurrent
Event: 15.105 Executing VM operation: G1Concurrent done
Event: 15.180 Executing VM operation: HandshakeAllThreads
Event: 15.181 Executing VM operation: HandshakeAllThreads done
Event: 15.248 Executing VM operation: HandshakeAllThreads
Event: 15.249 Executing VM operation: HandshakeAllThreads done
Event: 15.386 Executing VM operation: G1CollectForAllocation
Event: 15.396 Executing VM operation: G1CollectForAllocation done
Event: 15.402 Executing VM operation: G1CollectForAllocation

Events (20 events):
Event: 15.173 loading class java/util/AbstractCollectionCustomizer
Event: 15.173 loading class java/util/AbstractCollectionCustomizer done
Event: 15.174 loading class sun/reflect/generics/reflectiveObjects/GenericArrayTypeImpl
Event: 15.174 loading class sun/reflect/generics/reflectiveObjects/GenericArrayTypeImpl done
Event: 15.242 loading class java/lang/ClassBeanInfo
Event: 15.242 loading class java/lang/ClassBeanInfo done
Event: 15.242 loading class java/lang/ClassBeanInfo
Event: 15.242 loading class java/lang/ClassBeanInfo done
Event: 15.242 loading class java/lang/ClassCustomizer
Event: 15.242 loading class java/lang/ClassCustomizer done
Event: 15.243 loading class java/lang/ClassCustomizer
Event: 15.243 loading class java/lang/ClassCustomizer done
Event: 15.251 Thread 0x000001b8dfc60410 flushing nmethod 0x000001b8c7e18c10
Event: 15.251 Thread 0x000001b8dfc60410 flushing nmethod 0x000001b8c7e55010
Event: 15.251 Thread 0x000001b8dfc60410 flushing nmethod 0x000001b8c7e55410
Event: 15.251 Thread 0x000001b8dfc60410 flushing nmethod 0x000001b8c7e55c10
Event: 15.253 Thread 0x000001b8dfc60410 flushing nmethod 0x000001b8c8166010
Event: 15.253 Thread 0x000001b8dfc60410 flushing nmethod 0x000001b8c81c2d90
Event: 15.257 Thread 0x000001b8dfc60410 flushing nmethod 0x000001b8c8682e10
Event: 15.259 Thread 0x000001b8dfc60410 flushing nmethod 0x000001b8c89ab890


Dynamic libraries:
0x00007ff683ae0000 - 0x00007ff683aea000 	C:\Program Files\Android\Android Studio\jbr\bin\java.exe
0x00007fff3b190000 - 0x00007fff3b3a7000 	C:\Windows\SYSTEM32\ntdll.dll
0x00007fff3a010000 - 0x00007fff3a0d4000 	C:\Windows\System32\KERNEL32.DLL
0x00007fff386f0000 - 0x00007fff38a95000 	C:\Windows\System32\KERNELBASE.dll
0x00007fff385a0000 - 0x00007fff386b1000 	C:\Windows\System32\ucrtbase.dll
0x00007fff07c20000 - 0x00007fff07c37000 	C:\Program Files\Android\Android Studio\jbr\bin\jli.dll
0x00007ffed4e00000 - 0x00007ffed4e1b000 	C:\Program Files\Android\Android Studio\jbr\bin\VCRUNTIME140.dll
0x00007fff3a8c0000 - 0x00007fff3aa6e000 	C:\Windows\System32\USER32.dll
0x00007fff386c0000 - 0x00007fff386e6000 	C:\Windows\System32\win32u.dll
0x00007fff39d80000 - 0x00007fff39da9000 	C:\Windows\System32\GDI32.dll
0x00007fff26ec0000 - 0x00007fff27153000 	C:\Windows\WinSxS\amd64_microsoft.windows.common-controls_6595b64144ccf1df_6.0.22621.2506_none_270c5ae97388e100\COMCTL32.dll
0x00007fff38c10000 - 0x00007fff38d29000 	C:\Windows\System32\gdi32full.dll
0x00007fff3a5b0000 - 0x00007fff3a657000 	C:\Windows\System32\msvcrt.dll
0x00007fff38500000 - 0x00007fff3859a000 	C:\Windows\System32\msvcp_win.dll
0x00007fff3a560000 - 0x00007fff3a591000 	C:\Windows\System32\IMM32.DLL
0x00007fff0df30000 - 0x00007fff0df3c000 	C:\Program Files\Android\Android Studio\jbr\bin\vcruntime140_1.dll
0x00007ffea6890000 - 0x00007ffea691d000 	C:\Program Files\Android\Android Studio\jbr\bin\msvcp140.dll
0x00007ffe9d720000 - 0x00007ffe9e38e000 	C:\Program Files\Android\Android Studio\jbr\bin\server\jvm.dll
0x00007fff38ee0000 - 0x00007fff38f91000 	C:\Windows\System32\ADVAPI32.dll
0x00007fff39190000 - 0x00007fff39236000 	C:\Windows\System32\sechost.dll
0x00007fff38fa0000 - 0x00007fff390b7000 	C:\Windows\System32\RPCRT4.dll
0x00007fff31350000 - 0x00007fff3135a000 	C:\Windows\SYSTEM32\VERSION.dll
0x00007fff31830000 - 0x00007fff31864000 	C:\Windows\SYSTEM32\WINMM.dll
0x00007fff32b40000 - 0x00007fff32b49000 	C:\Windows\SYSTEM32\WSOCK32.dll
0x00007fff39240000 - 0x00007fff392b1000 	C:\Windows\System32\WS2_32.dll
0x00007fff37470000 - 0x00007fff37488000 	C:\Windows\SYSTEM32\kernel.appcore.dll
0x00007fff2d910000 - 0x00007fff2d91a000 	C:\Program Files\Android\Android Studio\jbr\bin\jimage.dll
0x00007fff2ed40000 - 0x00007fff2ef73000 	C:\Windows\SYSTEM32\DBGHELP.DLL
0x00007fff3aa70000 - 0x00007fff3adf9000 	C:\Windows\System32\combase.dll
0x00007fff39f30000 - 0x00007fff3a007000 	C:\Windows\System32\OLEAUT32.dll
0x00007fff2eb30000 - 0x00007fff2eb62000 	C:\Windows\SYSTEM32\dbgcore.DLL
0x00007fff38e60000 - 0x00007fff38eda000 	C:\Windows\System32\bcryptPrimitives.dll
0x00007fff13ac0000 - 0x00007fff13ae5000 	C:\Program Files\Android\Android Studio\jbr\bin\java.dll
0x00007fff13a80000 - 0x00007fff13a98000 	C:\Program Files\Android\Android Studio\jbr\bin\zip.dll
0x00007fff392c0000 - 0x00007fff39b19000 	C:\Windows\System32\SHELL32.dll
0x00007fff363d0000 - 0x00007fff36cc4000 	C:\Windows\SYSTEM32\windows.storage.dll
0x00007fff36290000 - 0x00007fff363ce000 	C:\Windows\SYSTEM32\wintypes.dll
0x00007fff3ae00000 - 0x00007fff3aef3000 	C:\Windows\System32\SHCORE.dll
0x00007fff3a810000 - 0x00007fff3a86e000 	C:\Windows\System32\shlwapi.dll
0x00007fff38430000 - 0x00007fff38456000 	C:\Windows\SYSTEM32\profapi.dll
0x00007fff0e7f0000 - 0x00007fff0e809000 	C:\Program Files\Android\Android Studio\jbr\bin\net.dll
0x00007fff32320000 - 0x00007fff32457000 	C:\Windows\SYSTEM32\WINHTTP.dll
0x00007fff37980000 - 0x00007fff379e9000 	C:\Windows\system32\mswsock.dll
0x00007fff07c40000 - 0x00007fff07c56000 	C:\Program Files\Android\Android Studio\jbr\bin\nio.dll
0x00007fff27940000 - 0x00007fff27950000 	C:\Program Files\Android\Android Studio\jbr\bin\verify.dll
0x00007ffed6150000 - 0x00007ffed6177000 	C:\Users\raihan\.gradle\native\68d5fa5c4cc2d200863cafc0d521ce42e7d3e7ee720ec0a83991735586a16f82\windows-amd64\native-platform.dll
0x00007ffea5a30000 - 0x00007ffea5b74000 	C:\Users\raihan\.gradle\native\e376f236ea51e6404a007f0833ffe2c6e607c4080706a723a18a27aeea778392\windows-amd64\native-platform-file-events.dll
0x00007fff27850000 - 0x00007fff27859000 	C:\Program Files\Android\Android Studio\jbr\bin\management.dll
0x00007fff276a0000 - 0x00007fff276ab000 	C:\Program Files\Android\Android Studio\jbr\bin\management_ext.dll
0x00007fff39180000 - 0x00007fff39188000 	C:\Windows\System32\PSAPI.DLL
0x00007fff37be0000 - 0x00007fff37bfb000 	C:\Windows\SYSTEM32\CRYPTSP.dll
0x00007fff37430000 - 0x00007fff37465000 	C:\Windows\system32\rsaenh.dll
0x00007fff37a70000 - 0x00007fff37a9c000 	C:\Windows\SYSTEM32\USERENV.dll
0x00007fff37e10000 - 0x00007fff37e38000 	C:\Windows\SYSTEM32\bcrypt.dll
0x00007fff37bd0000 - 0x00007fff37bdc000 	C:\Windows\SYSTEM32\CRYPTBASE.dll
0x00007fff36f20000 - 0x00007fff36f4d000 	C:\Windows\SYSTEM32\IPHLPAPI.DLL
0x00007fff3a660000 - 0x00007fff3a669000 	C:\Windows\System32\NSI.dll
0x00007fff31e30000 - 0x00007fff31e49000 	C:\Windows\SYSTEM32\dhcpcsvc6.DLL
0x00007fff31d70000 - 0x00007fff31d8f000 	C:\Windows\SYSTEM32\dhcpcsvc.DLL
0x00007fff36f50000 - 0x00007fff37049000 	C:\Windows\SYSTEM32\DNSAPI.dll
0x00007fff274b0000 - 0x00007fff274b8000 	C:\Windows\system32\wshunix.dll
0x00007ffef4a80000 - 0x00007ffef4a97000 	C:\Windows\system32\napinsp.dll
0x00007ffef4a60000 - 0x00007ffef4a7b000 	C:\Windows\system32\pnrpnsp.dll
0x00007ffef4a40000 - 0x00007ffef4a51000 	C:\Windows\System32\winrnr.dll
0x00007fff06d40000 - 0x00007fff06d55000 	C:\Windows\system32\wshbth.dll
0x00007ffef4a10000 - 0x00007ffef4a31000 	C:\Windows\system32\nlansp_c.dll
0x00007fff315e0000 - 0x00007fff315ea000 	C:\Windows\System32\rasadhlp.dll
0x00007fff31780000 - 0x00007fff31803000 	C:\Windows\System32\fwpuclnt.dll

dbghelp: loaded successfully - version: 4.0.5 - missing functions: none
symbol engine: initialized successfully - sym options: 0x614 - pdb path: .;C:\Program Files\Android\Android Studio\jbr\bin;C:\Windows\SYSTEM32;C:\Windows\WinSxS\amd64_microsoft.windows.common-controls_6595b64144ccf1df_6.0.22621.2506_none_270c5ae97388e100;C:\Program Files\Android\Android Studio\jbr\bin\server;C:\Users\raihan\.gradle\native\68d5fa5c4cc2d200863cafc0d521ce42e7d3e7ee720ec0a83991735586a16f82\windows-amd64;C:\Users\raihan\.gradle\native\e376f236ea51e6404a007f0833ffe2c6e607c4080706a723a18a27aeea778392\windows-amd64

VM Arguments:
jvm_args: --add-opens=java.base/java.util=ALL-UNNAMED --add-opens=java.base/java.lang=ALL-UNNAMED --add-opens=java.base/java.lang.invoke=ALL-UNNAMED --add-opens=java.prefs/java.util.prefs=ALL-UNNAMED --add-opens=java.base/java.nio.charset=ALL-UNNAMED --add-opens=java.base/java.net=ALL-UNNAMED --add-opens=java.base/java.util.concurrent.atomic=ALL-UNNAMED -Xmx2048m -Dfile.encoding=UTF-8 -Duser.country=ID -Duser.language=en -Duser.variant 
java_command: org.gradle.launcher.daemon.bootstrap.GradleDaemon 8.0
java_class_path (initial): C:\Users\raihan\.gradle\wrapper\dists\gradle-8.0-bin\ca5e32bp14vu59qr306oxotwh\gradle-8.0\lib\gradle-launcher-8.0.jar
Launcher Type: SUN_STANDARD

[Global flags]
     intx CICompilerCount                          = 12                                        {product} {ergonomic}
     uint ConcGCThreads                            = 3                                         {product} {ergonomic}
     uint G1ConcRefinementThreads                  = 13                                        {product} {ergonomic}
   size_t G1HeapRegionSize                         = 1048576                                   {product} {ergonomic}
    uintx GCDrainStackTargetSize                   = 64                                        {product} {ergonomic}
   size_t InitialHeapSize                          = 125829120                                 {product} {ergonomic}
   size_t MarkStackSize                            = 4194304                                   {product} {ergonomic}
   size_t MaxHeapSize                              = 2147483648                                {product} {command line}
   size_t MaxNewSize                               = 1287651328                                {product} {ergonomic}
   size_t MinHeapDeltaBytes                        = 1048576                                   {product} {ergonomic}
   size_t MinHeapSize                              = 8388608                                   {product} {ergonomic}
    uintx NonNMethodCodeHeapSize                   = 7602480                                {pd product} {ergonomic}
    uintx NonProfiledCodeHeapSize                  = 122027880                              {pd product} {ergonomic}
    uintx ProfiledCodeHeapSize                     = 122027880                              {pd product} {ergonomic}
    uintx ReservedCodeCacheSize                    = 251658240                              {pd product} {ergonomic}
     bool SegmentedCodeCache                       = true                                      {product} {ergonomic}
   size_t SoftMaxHeapSize                          = 2147483648                             {manageable} {ergonomic}
     bool UseCompressedClassPointers               = true                           {product lp64_product} {ergonomic}
     bool UseCompressedOops                        = true                           {product lp64_product} {ergonomic}
     bool UseG1GC                                  = true                                      {product} {ergonomic}
     bool UseLargePagesIndividualAllocation        = false                                  {pd product} {ergonomic}

Logging:
Log output configuration:
 #0: stdout all=warning uptime,level,tags
 #1: stderr all=off uptime,level,tags

Environment Variables:
JAVA_HOME=C:\Program Files\Zulu\zulu-17
PATH=C:\Program Files\Zulu\zulu-17\bin\;C:\Windows\system32;C:\Windows;C:\Windows\System32\Wbem;C:\Windows\System32\WindowsPowerShell\v1.0\;C:\Windows\System32\OpenSSH\;C:\Program Files\gradle-8.2.1-bin\gradle-8.2.1\bin;C:\Program Files\NVIDIA Corporation\NVIDIA NvDLISR;C:\Program Files (x86)\NVIDIA Corporation\PhysX\Common;C:\Program Files\Git\cmd;C:\Program Files\nodejs\;C:\Users\raihan\AppData\Local\Microsoft\WindowsApps;D:\Microsoft VS Code\bin;C:\Users\raihan\AppData\Local\gitkraken\bin;C:\Users\raihan\AppData\Local\spicetify;C:\Users\raihan\AppData\Roaming\npm
USERNAME=raihan
OS=Windows_NT
PROCESSOR_IDENTIFIER=AMD64 Family 23 Model 96 Stepping 1, AuthenticAMD
TMP=C:\Users\raihan\AppData\Local\Temp
TEMP=C:\Users\raihan\AppData\Local\Temp


JNI global refs:
JNI global refs: 34, weak refs: 36

JNI global refs memory usage: 843, weak refs: 841


---------------  S Y S T E M  ---------------

OS:
 Windows 11 , 64 bit Build 22621 (10.0.22621.2506)
OS uptime: 0 days 16:54 hours
Hyper-V role detected

CPU: total 16 (initial active 16) (16 cores per cpu, 2 threads per core) family 23 model 96 stepping 1 microcode 0x0, cx8, cmov, fxsr, ht, mmx, 3dnowpref, sse, sse2, sse3, ssse3, sse4a, sse4.1, sse4.2, popcnt, lzcnt, tsc, tscinvbit, avx, avx2, aes, clmul, bmi1, bmi2, adx, sha, fma, vzeroupper, clflush, clflushopt, hv

Memory: 4k page, system-wide physical 7598M (157M free)
TotalPageFile size 19886M (AvailPageFile size 8M)
current process WorkingSet (physical memory assigned to process): 373M, peak: 391M
current process commit charge ("private bytes"): 426M, peak: 454M

vm_info: OpenJDK 64-Bit Server VM (17.0.6+0-b2043.56-10027231) for windows-amd64 JRE (17.0.6+0-b2043.56-10027231), built on Apr 28 2023 00:43:19 by "androidbuild" with MS VC++ 16.10 / 16.11 (VS2019)

END.
